Using pre-set license
Built from '2022.3/staging' branch; Version is '2022.3.2f1 (d74737c6db50) revision 14108471'; Using compiler version '192829333'; Build Type 'Release'
OS: 'Windows 11  (10.0.22621) 64bit Professional' Language: 'en' Physical Memory: 32636 MB
BatchMode: 1, IsHumanControllingUs: 0, StartBugReporterOnCrash: 0, Is64bit: 1, IsPro: 1

COMMAND LINE ARGUMENTS:
C:\Program Files\Unity\Hub\Editor\2022.3.2f1\Editor\Unity.exe
-adb2
-batchMode
-noUpm
-name
AssetImportWorker0
-projectPath
C:/Users/aleja/Unity/game-source
-logFile
Logs/AssetImportWorker0.log
-srvPort
50332
Successfully changed project path to: C:/Users/aleja/Unity/game-source
C:/Users/aleja/Unity/game-source
[UnityMemory] Configuration Parameters - Can be set up in boot.config
    "memorysetup-bucket-allocator-granularity=16"
    "memorysetup-bucket-allocator-bucket-count=8"
    "memorysetup-bucket-allocator-block-size=33554432"
    "memorysetup-bucket-allocator-block-count=8"
    "memorysetup-main-allocator-block-size=16777216"
    "memorysetup-thread-allocator-block-size=16777216"
    "memorysetup-gfx-main-allocator-block-size=16777216"
    "memorysetup-gfx-thread-allocator-block-size=16777216"
    "memorysetup-cache-allocator-block-size=4194304"
    "memorysetup-typetree-allocator-block-size=2097152"
    "memorysetup-profiler-bucket-allocator-granularity=16"
    "memorysetup-profiler-bucket-allocator-bucket-count=8"
    "memorysetup-profiler-bucket-allocator-block-size=33554432"
    "memorysetup-profiler-bucket-allocator-block-count=8"
    "memorysetup-profiler-allocator-block-size=16777216"
    "memorysetup-profiler-editor-allocator-block-size=1048576"
    "memorysetup-temp-allocator-size-main=16777216"
    "memorysetup-job-temp-allocator-block-size=2097152"
    "memorysetup-job-temp-allocator-block-size-background=1048576"
    "memorysetup-job-temp-allocator-reduction-small-platforms=262144"
    "memorysetup-allocator-temp-initial-block-size-main=262144"
    "memorysetup-allocator-temp-initial-block-size-worker=262144"
    "memorysetup-temp-allocator-size-background-worker=32768"
    "memorysetup-temp-allocator-size-job-worker=262144"
    "memorysetup-temp-allocator-size-preload-manager=33554432"
    "memorysetup-temp-allocator-size-nav-mesh-worker=65536"
    "memorysetup-temp-allocator-size-audio-worker=65536"
    "memorysetup-temp-allocator-size-cloud-worker=32768"
    "memorysetup-temp-allocator-size-gi-baking-worker=262144"
    "memorysetup-temp-allocator-size-gfx=262144"
Player connection [7488] Host "[IP] 192.168.0.180 [Port] 0 [Flags] 2 [Guid] 3937082509 [EditorId] 3937082509 [Version] 1048832 [Id] WindowsEditor(7,CALYPSO) [Debug] 1 [PackageName] WindowsEditor [ProjectName] Editor" joined multi-casting on [225.0.0.222:54997]...

Player connection [7488] Host "[IP] 192.168.0.180 [Port] 0 [Flags] 2 [Guid] 3937082509 [EditorId] 3937082509 [Version] 1048832 [Id] WindowsEditor(7,CALYPSO) [Debug] 1 [PackageName] WindowsEditor [ProjectName] Editor" joined alternative multi-casting on [225.0.0.222:34997]...

Refreshing native plugins compatible for Editor in 9.01 ms, found 3 plugins.
Preloading 0 native plugins for Editor in 0.00 ms.
Initialize engine version: 2022.3.2f1 (d74737c6db50)
[Subsystems] Discovering subsystems at path C:/Program Files/Unity/Hub/Editor/2022.3.2f1/Editor/Data/Resources/UnitySubsystems
[Subsystems] Discovering subsystems at path C:/Users/aleja/Unity/game-source/Assets
GfxDevice: creating device client; threaded=0; jobified=0
Direct3D:
    Version:  Direct3D 11.0 [level 11.1]
    Renderer: NVIDIA GeForce RTX 3080 (ID=0x2206)
    Vendor:   NVIDIA
    VRAM:     10067 MB
    Driver:   31.0.15.4601
Initialize mono
Mono path[0] = 'C:/Program Files/Unity/Hub/Editor/2022.3.2f1/Editor/Data/Managed'
Mono path[1] = 'C:/Program Files/Unity/Hub/Editor/2022.3.2f1/Editor/Data/MonoBleedingEdge/lib/mono/unityjit-win32'
Mono config path = 'C:/Program Files/Unity/Hub/Editor/2022.3.2f1/Editor/Data/MonoBleedingEdge/etc'
Using monoOptions --debugger-agent=transport=dt_socket,embedding=1,server=y,suspend=n,address=127.0.0.1:56724
Begin MonoManager ReloadAssembly
Registering precompiled unity dll's ...
Register platform support module: C:/Program Files/Unity/Hub/Editor/2022.3.2f1/Editor/Data/PlaybackEngines/WebGLSupport/UnityEditor.WebGL.Extensions.dll
Register platform support module: C:/Program Files/Unity/Hub/Editor/2022.3.2f1/Editor/Data/PlaybackEngines/AndroidPlayer/UnityEditor.Android.Extensions.dll
Register platform support module: C:/Program Files/Unity/Hub/Editor/2022.3.2f1/Editor/Data/PlaybackEngines/WindowsStandaloneSupport/UnityEditor.WindowsStandalone.Extensions.dll
Register platform support module: C:/Program Files/Unity/Hub/Editor/2022.3.2f1/Editor/Data/PlaybackEngines/MetroSupport/UnityEditor.UWP.Extensions.dll
Registered in 0.011020 seconds.
- Loaded All Assemblies, in  0.724 seconds
Native extension for UWP target not found
Native extension for WindowsStandalone target not found
Native extension for Android target not found
Android Extension - Scanning For ADB Devices 328 ms
Native extension for WebGL target not found
Mono: successfully reloaded assembly
- Finished resetting the current domain, in  0.610 seconds
Domain Reload Profiling: 1333ms
	BeginReloadAssembly (72ms)
		ExecutionOrderSort (0ms)
		DisableScriptedObjects (0ms)
		BackupInstance (0ms)
		ReleaseScriptingObjects (0ms)
		CreateAndSetChildDomain (1ms)
	RebuildCommonClasses (146ms)
	RebuildNativeTypeToScriptingClass (8ms)
	initialDomainReloadingComplete (56ms)
	LoadAllAssembliesAndSetupDomain (440ms)
		LoadAssemblies (70ms)
		RebuildTransferFunctionScriptingTraits (0ms)
		AnalyzeDomain (434ms)
			TypeCache.Refresh (433ms)
				TypeCache.ScanAssembly (239ms)
			ScanForSourceGeneratedMonoScriptInfo (0ms)
			ResolveRequiredComponents (0ms)
	FinalizeReload (611ms)
		ReleaseScriptCaches (0ms)
		RebuildScriptCaches (0ms)
		SetupLoadedEditorAssemblies (562ms)
			LogAssemblyErrors (0ms)
			InitializePlatformSupportModulesInManaged (436ms)
			SetLoadedEditorAssemblies (3ms)
			RefreshPlugins (0ms)
			BeforeProcessingInitializeOnLoad (2ms)
			ProcessInitializeOnLoadAttributes (82ms)
			ProcessInitializeOnLoadMethodAttributes (38ms)
			AfterProcessingInitializeOnLoad (0ms)
			EditorAssembliesLoaded (0ms)
		ExecutionOrderSort2 (0ms)
		AwakeInstancesAfterBackupRestoration (0ms)
========================================================================
Worker process is ready to serve import requests
Begin MonoManager ReloadAssembly
- Loaded All Assemblies, in  1.777 seconds
Refreshing native plugins compatible for Editor in 2.66 ms, found 3 plugins.
Native extension for UWP target not found
Native extension for WindowsStandalone target not found
Native extension for Android target not found
Native extension for WebGL target not found
Package Manager log level set to [2]
[Package Manager] Server::EnsureServerProcessIsRunning -- launch failed, reason: Unity was launched with the -noUpm command-line argument
[Package Manager] UpmClient::Send -- Unable to send message (not connected to UPM process).
[Package Manager] Cannot connect to Unity Package Manager local server
Mono: successfully reloaded assembly
- Finished resetting the current domain, in  0.513 seconds
Domain Reload Profiling: 2287ms
	BeginReloadAssembly (105ms)
		ExecutionOrderSort (0ms)
		DisableScriptedObjects (4ms)
		BackupInstance (0ms)
		ReleaseScriptingObjects (0ms)
		CreateAndSetChildDomain (17ms)
	RebuildCommonClasses (26ms)
	RebuildNativeTypeToScriptingClass (8ms)
	initialDomainReloadingComplete (36ms)
	LoadAllAssembliesAndSetupDomain (1600ms)
		LoadAssemblies (1409ms)
		RebuildTransferFunctionScriptingTraits (0ms)
		AnalyzeDomain (241ms)
			TypeCache.Refresh (225ms)
				TypeCache.ScanAssembly (213ms)
			ScanForSourceGeneratedMonoScriptInfo (13ms)
			ResolveRequiredComponents (3ms)
	FinalizeReload (513ms)
		ReleaseScriptCaches (0ms)
		RebuildScriptCaches (0ms)
		SetupLoadedEditorAssemblies (379ms)
			LogAssemblyErrors (0ms)
			InitializePlatformSupportModulesInManaged (23ms)
			SetLoadedEditorAssemblies (4ms)
			RefreshPlugins (0ms)
			BeforeProcessingInitializeOnLoad (56ms)
			ProcessInitializeOnLoadAttributes (275ms)
			ProcessInitializeOnLoadMethodAttributes (15ms)
			AfterProcessingInitializeOnLoad (6ms)
			EditorAssembliesLoaded (0ms)
		ExecutionOrderSort2 (0ms)
		AwakeInstancesAfterBackupRestoration (5ms)
Launched and connected shader compiler UnityShaderCompiler.exe after 0.04 seconds
Refreshing native plugins compatible for Editor in 3.39 ms, found 3 plugins.
Preloading 0 native plugins for Editor in 0.00 ms.
Unloading 3552 Unused Serialized files (Serialized files now loaded: 0)
Unloading 40 unused Assets / (57.3 KB). Loaded Objects now: 4028.
Memory consumption went from 139.1 MB to 139.1 MB.
Total: 3.008300 ms (FindLiveObjects: 0.258600 ms CreateObjectMapping: 0.111900 ms MarkObjects: 2.532900 ms  DeleteObjects: 0.104000 ms)

AssetImportParameters requested are different than current active one (requested -> active):
  custom:container-demuxer-ogg: 62fdf1f143b41e24485cea50d1cbac27 -> 
  custom:video-codec-MediaFoundation-h265: 746d11721c4dcdbdad8f713fa42b33f4 -> 
  custom:video-decoder-ogg-theora: a1e56fd34408186e4bbccfd4996cb3dc -> 
  custom:framework-win-MediaFoundation: 216162199b28c13a410421893ffa2e32 -> 
  custom:container-demuxer-webm: 4f35f7cbe854078d1ac9338744f61a02 -> 
  custom:container-muxer-webm: aa71ff27fc2769a1b78a27578f13a17b -> 
  custom:video-decoder-webm-vp8: 9c59270c3fd7afecdb556c50c9e8de78 -> 
  custom:AudioImporter_EditorPlatform: d09bf68614088b80899f8185d706f6e7 -> 
  custom:video-encoder-webm-vp8: eb34c28f22e8b96e1ab97ce403110664 -> 
  custom:audio-decoder-ogg-vorbis: bf7c407c2cedff20999df2af8eb42d56 -> 
  custom:audio-encoder-webm-vorbis: bf7c407c2cedff20999df2af8eb42d56 -> 
========================================================================
Received Prepare
Begin MonoManager ReloadAssembly
- Loaded All Assemblies, in  0.616 seconds
Refreshing native plugins compatible for Editor in 2.85 ms, found 3 plugins.
Native extension for UWP target not found
Native extension for WindowsStandalone target not found
Native extension for Android target not found
Native extension for WebGL target not found
[Package Manager] Server::EnsureServerProcessIsRunning -- launch failed, reason: Unity was launched with the -noUpm command-line argument
[Package Manager] UpmClient::Send -- Unable to send message (not connected to UPM process).
[Package Manager] Cannot connect to Unity Package Manager local server
Mono: successfully reloaded assembly
- Finished resetting the current domain, in  0.721 seconds
Domain Reload Profiling: 1334ms
	BeginReloadAssembly (126ms)
		ExecutionOrderSort (0ms)
		DisableScriptedObjects (4ms)
		BackupInstance (0ms)
		ReleaseScriptingObjects (0ms)
		CreateAndSetChildDomain (32ms)
	RebuildCommonClasses (45ms)
	RebuildNativeTypeToScriptingClass (9ms)
	initialDomainReloadingComplete (25ms)
	LoadAllAssembliesAndSetupDomain (408ms)
		LoadAssemblies (218ms)
		RebuildTransferFunctionScriptingTraits (0ms)
		AnalyzeDomain (244ms)
			TypeCache.Refresh (237ms)
				TypeCache.ScanAssembly (228ms)
			ScanForSourceGeneratedMonoScriptInfo (3ms)
			ResolveRequiredComponents (4ms)
	FinalizeReload (721ms)
		ReleaseScriptCaches (0ms)
		RebuildScriptCaches (0ms)
		SetupLoadedEditorAssemblies (333ms)
			LogAssemblyErrors (0ms)
			InitializePlatformSupportModulesInManaged (22ms)
			SetLoadedEditorAssemblies (4ms)
			RefreshPlugins (0ms)
			BeforeProcessingInitializeOnLoad (53ms)
			ProcessInitializeOnLoadAttributes (233ms)
			ProcessInitializeOnLoadMethodAttributes (14ms)
			AfterProcessingInitializeOnLoad (7ms)
			EditorAssembliesLoaded (0ms)
		ExecutionOrderSort2 (0ms)
		AwakeInstancesAfterBackupRestoration (5ms)
Refreshing native plugins compatible for Editor in 2.79 ms, found 3 plugins.
Preloading 0 native plugins for Editor in 0.00 ms.
Unloading 3528 Unused Serialized files (Serialized files now loaded: 0)
Unloading 25 unused Assets / (31.2 KB). Loaded Objects now: 4031.
Memory consumption went from 133.4 MB to 133.4 MB.
Total: 2.853100 ms (FindLiveObjects: 0.236600 ms CreateObjectMapping: 0.102000 ms MarkObjects: 2.472100 ms  DeleteObjects: 0.041600 ms)

Prepare: number of updated asset objects reloaded= 0
AssetImportParameters requested are different than current active one (requested -> active):
  custom:container-demuxer-ogg: 62fdf1f143b41e24485cea50d1cbac27 -> 
  custom:video-codec-MediaFoundation-h265: 746d11721c4dcdbdad8f713fa42b33f4 -> 
  custom:video-decoder-ogg-theora: a1e56fd34408186e4bbccfd4996cb3dc -> 
  custom:framework-win-MediaFoundation: 216162199b28c13a410421893ffa2e32 -> 
  custom:container-demuxer-webm: 4f35f7cbe854078d1ac9338744f61a02 -> 
  custom:container-muxer-webm: aa71ff27fc2769a1b78a27578f13a17b -> 
  custom:video-decoder-webm-vp8: 9c59270c3fd7afecdb556c50c9e8de78 -> 
  custom:AudioImporter_EditorPlatform: d09bf68614088b80899f8185d706f6e7 -> 
  custom:video-encoder-webm-vp8: eb34c28f22e8b96e1ab97ce403110664 -> 
  custom:audio-decoder-ogg-vorbis: bf7c407c2cedff20999df2af8eb42d56 -> 
  custom:audio-encoder-webm-vorbis: bf7c407c2cedff20999df2af8eb42d56 -> 
========================================================================
Received Prepare
Begin MonoManager ReloadAssembly
- Loaded All Assemblies, in  0.573 seconds
Refreshing native plugins compatible for Editor in 2.75 ms, found 3 plugins.
Native extension for UWP target not found
Native extension for WindowsStandalone target not found
Native extension for Android target not found
Native extension for WebGL target not found
[Package Manager] Server::EnsureServerProcessIsRunning -- launch failed, reason: Unity was launched with the -noUpm command-line argument
[Package Manager] UpmClient::Send -- Unable to send message (not connected to UPM process).
[Package Manager] Cannot connect to Unity Package Manager local server
Mono: successfully reloaded assembly
- Finished resetting the current domain, in  1.727 seconds
Domain Reload Profiling: 2298ms
	BeginReloadAssembly (120ms)
		ExecutionOrderSort (0ms)
		DisableScriptedObjects (5ms)
		BackupInstance (0ms)
		ReleaseScriptingObjects (0ms)
		CreateAndSetChildDomain (31ms)
	RebuildCommonClasses (25ms)
	RebuildNativeTypeToScriptingClass (8ms)
	initialDomainReloadingComplete (25ms)
	LoadAllAssembliesAndSetupDomain (392ms)
		LoadAssemblies (218ms)
		RebuildTransferFunctionScriptingTraits (0ms)
		AnalyzeDomain (222ms)
			TypeCache.Refresh (216ms)
				TypeCache.ScanAssembly (207ms)
			ScanForSourceGeneratedMonoScriptInfo (3ms)
			ResolveRequiredComponents (3ms)
	FinalizeReload (1728ms)
		ReleaseScriptCaches (0ms)
		RebuildScriptCaches (0ms)
		SetupLoadedEditorAssemblies (1079ms)
			LogAssemblyErrors (0ms)
			InitializePlatformSupportModulesInManaged (126ms)
			SetLoadedEditorAssemblies (7ms)
			RefreshPlugins (0ms)
			BeforeProcessingInitializeOnLoad (186ms)
			ProcessInitializeOnLoadAttributes (723ms)
			ProcessInitializeOnLoadMethodAttributes (24ms)
			AfterProcessingInitializeOnLoad (12ms)
			EditorAssembliesLoaded (0ms)
		ExecutionOrderSort2 (0ms)
		AwakeInstancesAfterBackupRestoration (7ms)
Refreshing native plugins compatible for Editor in 4.65 ms, found 3 plugins.
Preloading 0 native plugins for Editor in 0.00 ms.
Unloading 3528 Unused Serialized files (Serialized files now loaded: 0)
Unloading 25 unused Assets / (31.1 KB). Loaded Objects now: 4034.
Memory consumption went from 133.4 MB to 133.4 MB.
Total: 3.561200 ms (FindLiveObjects: 0.351300 ms CreateObjectMapping: 0.149900 ms MarkObjects: 2.998200 ms  DeleteObjects: 0.060500 ms)

Prepare: number of updated asset objects reloaded= 0
AssetImportParameters requested are different than current active one (requested -> active):
  custom:container-demuxer-ogg: 62fdf1f143b41e24485cea50d1cbac27 -> 
  custom:video-codec-MediaFoundation-h265: 746d11721c4dcdbdad8f713fa42b33f4 -> 
  custom:video-decoder-ogg-theora: a1e56fd34408186e4bbccfd4996cb3dc -> 
  custom:framework-win-MediaFoundation: 216162199b28c13a410421893ffa2e32 -> 
  custom:container-demuxer-webm: 4f35f7cbe854078d1ac9338744f61a02 -> 
  custom:container-muxer-webm: aa71ff27fc2769a1b78a27578f13a17b -> 
  custom:video-decoder-webm-vp8: 9c59270c3fd7afecdb556c50c9e8de78 -> 
  custom:AudioImporter_EditorPlatform: d09bf68614088b80899f8185d706f6e7 -> 
  custom:video-encoder-webm-vp8: eb34c28f22e8b96e1ab97ce403110664 -> 
  custom:audio-decoder-ogg-vorbis: bf7c407c2cedff20999df2af8eb42d56 -> 
  custom:audio-encoder-webm-vorbis: bf7c407c2cedff20999df2af8eb42d56 -> 
========================================================================
Received Import Request.
  Time since last request: 750.863695 seconds.
  path: Assets/Src/Dev/MenuSystemComponent.cs
  artifactKey: Guid(52cb58dba4ec5ad4eb9aef4b57bd9bc1) Importer(815301076,1909f56bfc062723c751e8b465ee728b)
Start importing Assets/Src/Dev/MenuSystemComponent.cs using Guid(52cb58dba4ec5ad4eb9aef4b57bd9bc1) Importer(815301076,1909f56bfc062723c751e8b465ee728b)  -> (artifact id: '9dace011137e91dad5e7e7554e92e079') in 0.006654 seconds
Number of updated asset objects reloaded before import = 0
Number of asset objects unloaded after import = 0
========================================================================
Received Import Request.
  Time since last request: 7.409659 seconds.
  path: Assets/Src/Dev/UserDB.txt
  artifactKey: Guid(e388cd9e03e5c2347a2d450d2c01fb38) Importer(815301076,1909f56bfc062723c751e8b465ee728b)
Start importing Assets/Src/Dev/UserDB.txt using Guid(e388cd9e03e5c2347a2d450d2c01fb38) Importer(815301076,1909f56bfc062723c751e8b465ee728b)  -> (artifact id: 'a76f5dd9d95fa2404b61172ba2ca842e') in 0.007711 seconds
Number of updated asset objects reloaded before import = 0
Number of asset objects unloaded after import = 1
========================================================================
Received Import Request.
  Time since last request: 64.593553 seconds.
  path: Assets/BOXOPHOBIC/User/User.pdf
  artifactKey: Guid(983558b57a284d84bbc541f947bc5139) Importer(815301076,1909f56bfc062723c751e8b465ee728b)
Start importing Assets/BOXOPHOBIC/User/User.pdf using Guid(983558b57a284d84bbc541f947bc5139) Importer(815301076,1909f56bfc062723c751e8b465ee728b)  -> (artifact id: '2a0841fca4f0bc9ccff4490c95ead8ae') in 0.001607 seconds
Number of updated asset objects reloaded before import = 0
Number of asset objects unloaded after import = 1
========================================================================
Received Import Request.
  Time since last request: 2.839446 seconds.
  path: Assets/BOXOPHOBIC/Utils/Scripts
  artifactKey: Guid(9ec3a38b6858ee54685444ad9afdd646) Importer(815301076,1909f56bfc062723c751e8b465ee728b)
Start importing Assets/BOXOPHOBIC/Utils/Scripts using Guid(9ec3a38b6858ee54685444ad9afdd646) Importer(815301076,1909f56bfc062723c751e8b465ee728b)  -> (artifact id: 'e2fe21c9b3f8703ceb39b61718bb5c7c') in 0.000690 seconds
Number of updated asset objects reloaded before import = 0
Number of asset objects unloaded after import = 0
========================================================================
Received Import Request.
  Time since last request: 0.059965 seconds.
  path: Assets/BOXOPHOBIC/Utils/Scripts/Boxophobic.Utils.Scripts.asmdef
  artifactKey: Guid(825ad574da7360d4e8aea558f272972e) Importer(815301076,1909f56bfc062723c751e8b465ee728b)
Start importing Assets/BOXOPHOBIC/Utils/Scripts/Boxophobic.Utils.Scripts.asmdef using Guid(825ad574da7360d4e8aea558f272972e) Importer(815301076,1909f56bfc062723c751e8b465ee728b)  -> (artifact id: '77eaf203c7e94fcf85b40fa1acb6dadd') in 0.007759 seconds
Number of updated asset objects reloaded before import = 0
Number of asset objects unloaded after import = 0
========================================================================
Received Import Request.
  Time since last request: 2.110536 seconds.
  path: Assets/BOXOPHOBIC/Utils/Scripts/StyledGizmos
  artifactKey: Guid(9de356a448be7ac49969a9ee3488af2a) Importer(815301076,1909f56bfc062723c751e8b465ee728b)
Start importing Assets/BOXOPHOBIC/Utils/Scripts/StyledGizmos using Guid(9de356a448be7ac49969a9ee3488af2a) Importer(815301076,1909f56bfc062723c751e8b465ee728b)  -> (artifact id: 'cbd48dbad38c12f672c047a32f2cf38c') in 0.001060 seconds
Number of updated asset objects reloaded before import = 0
Number of asset objects unloaded after import = 0
========================================================================
Received Import Request.
  Time since last request: 1.860137 seconds.
  path: Assets/BOXOPHOBIC/Utils/Scripts/StyledInspector
  artifactKey: Guid(c98c86f6ff75e844ba0337eb9ffdab3f) Importer(815301076,1909f56bfc062723c751e8b465ee728b)
Start importing Assets/BOXOPHOBIC/Utils/Scripts/StyledInspector using Guid(c98c86f6ff75e844ba0337eb9ffdab3f) Importer(815301076,1909f56bfc062723c751e8b465ee728b)  -> (artifact id: 'a2ddcc6a36eba025e9fd802c059de1b8') in 0.000454 seconds
Number of updated asset objects reloaded before import = 0
Number of asset objects unloaded after import = 0
========================================================================
Received Import Request.
  Time since last request: 0.469926 seconds.
  path: Assets/BOXOPHOBIC/Utils/Scripts/StyledMono
  artifactKey: Guid(a0598abf7cc734c43bd4152541cfe629) Importer(815301076,1909f56bfc062723c751e8b465ee728b)
Start importing Assets/BOXOPHOBIC/Utils/Scripts/StyledMono using Guid(a0598abf7cc734c43bd4152541cfe629) Importer(815301076,1909f56bfc062723c751e8b465ee728b)  -> (artifact id: '35aedd130578de33593ec817db94dbfe') in 0.000460 seconds
Number of updated asset objects reloaded before import = 0
Number of asset objects unloaded after import = 0
========================================================================
Received Import Request.
  Time since last request: 0.995462 seconds.
  path: Assets/BOXOPHOBIC/Utils/Scripts/SettingsUtils
  artifactKey: Guid(af52389680e6ba548bc23bad710c1613) Importer(815301076,1909f56bfc062723c751e8b465ee728b)
Start importing Assets/BOXOPHOBIC/Utils/Scripts/SettingsUtils using Guid(af52389680e6ba548bc23bad710c1613) Importer(815301076,1909f56bfc062723c751e8b465ee728b)  -> (artifact id: '2e6cbc70f42a3138556aca80702c27a2') in 0.000524 seconds
Number of updated asset objects reloaded before import = 0
Number of asset objects unloaded after import = 0
========================================================================
Received Import Request.
  Time since last request: 15.685376 seconds.
  path: Assets/Src/Framework/MenuController.cs
  artifactKey: Guid(c47e1dc38480e3548a88e665613e0c11) Importer(815301076,1909f56bfc062723c751e8b465ee728b)
Start importing Assets/Src/Framework/MenuController.cs using Guid(c47e1dc38480e3548a88e665613e0c11) Importer(815301076,1909f56bfc062723c751e8b465ee728b)  -> (artifact id: '259fd1610529649c100210af27f81b11') in 0.000458 seconds
Number of updated asset objects reloaded before import = 0
Number of asset objects unloaded after import = 0
========================================================================
Received Import Request.
  Time since last request: 38.079304 seconds.
  path: Assets/Levels/Menu.unity
  artifactKey: Guid(1aeabe27159cbbb46a012f8bed505f67) Importer(815301076,1909f56bfc062723c751e8b465ee728b)
Start importing Assets/Levels/Menu.unity using Guid(1aeabe27159cbbb46a012f8bed505f67) Importer(815301076,1909f56bfc062723c751e8b465ee728b)  -> (artifact id: 'e2890174f66081251f064804617fddb2') in 0.000490 seconds
Number of updated asset objects reloaded before import = 0
Number of asset objects unloaded after import = 0
========================================================================
Received Import Request.
  Time since last request: 978.516599 seconds.
  path: Assets/Levels/Testing.unity
  artifactKey: Guid(c23382718fda8ac4eb72d68a3cbe6346) Importer(815301076,1909f56bfc062723c751e8b465ee728b)
Start importing Assets/Levels/Testing.unity using Guid(c23382718fda8ac4eb72d68a3cbe6346) Importer(815301076,1909f56bfc062723c751e8b465ee728b)  -> (artifact id: '0ea6ea39411adc69fc1f2109e63721e3') in 0.000514 seconds
Number of updated asset objects reloaded before import = 0
Number of asset objects unloaded after import = 0
========================================================================
Received Import Request.
  Time since last request: 12.608710 seconds.
  path: Assets/Levels/Menu.unity
  artifactKey: Guid(1aeabe27159cbbb46a012f8bed505f67) Importer(815301076,1909f56bfc062723c751e8b465ee728b)
Start importing Assets/Levels/Menu.unity using Guid(1aeabe27159cbbb46a012f8bed505f67) Importer(815301076,1909f56bfc062723c751e8b465ee728b)  -> (artifact id: '237242555044e5b05d3dbba1f2452463') in 0.000452 seconds
Number of updated asset objects reloaded before import = 0
Number of asset objects unloaded after import = 0
========================================================================
Received Import Request.
  Time since last request: 158.495268 seconds.
  path: Assets/Art/Textures/HUD/RTT_HUDAsset_BUTTONNEXT_MMDD.png
  artifactKey: Guid(8633015615cba544e9fabd68b67765e8) Importer(815301076,1909f56bfc062723c751e8b465ee728b)
Start importing Assets/Art/Textures/HUD/RTT_HUDAsset_BUTTONNEXT_MMDD.png using Guid(8633015615cba544e9fabd68b67765e8) Importer(815301076,1909f56bfc062723c751e8b465ee728b)  -> (artifact id: '99f2017899271444c72c77a290396207') in 0.062837 seconds
Number of updated asset objects reloaded before import = 0
Number of asset objects unloaded after import = 3
========================================================================
Received Import Request.
  Time since last request: 0.000019 seconds.
  path: Assets/Art/Textures/HUD/RTT_HUDAsset_TEMPERBARFILL_MMDD.png
  artifactKey: Guid(65f0f146e0aeee140bbff764d7e46fbf) Importer(815301076,1909f56bfc062723c751e8b465ee728b)
Start importing Assets/Art/Textures/HUD/RTT_HUDAsset_TEMPERBARFILL_MMDD.png using Guid(65f0f146e0aeee140bbff764d7e46fbf) Importer(815301076,1909f56bfc062723c751e8b465ee728b)  -> (artifact id: 'd8f2e599e1d2bff094aef24832f36f7e') in 0.025798 seconds
Number of updated asset objects reloaded before import = 0
Number of asset objects unloaded after import = 3
========================================================================
Received Import Request.
  Time since last request: 106.400564 seconds.
  path: Assets/Levels/Menu.unity
  artifactKey: Guid(1aeabe27159cbbb46a012f8bed505f67) Importer(815301076,1909f56bfc062723c751e8b465ee728b)
Start importing Assets/Levels/Menu.unity using Guid(1aeabe27159cbbb46a012f8bed505f67) Importer(815301076,1909f56bfc062723c751e8b465ee728b)  -> (artifact id: 'e3d4cdbebc5414218c3867bf61091fe8') in 0.000533 seconds
Number of updated asset objects reloaded before import = 0
Number of asset objects unloaded after import = 0
========================================================================
Received Import Request.
  Time since last request: 236.710795 seconds.
  path: Assets/Levels/Menu.unity
  artifactKey: Guid(1aeabe27159cbbb46a012f8bed505f67) Importer(815301076,1909f56bfc062723c751e8b465ee728b)
Start importing Assets/Levels/Menu.unity using Guid(1aeabe27159cbbb46a012f8bed505f67) Importer(815301076,1909f56bfc062723c751e8b465ee728b)  -> (artifact id: '5086c924d79323949138c593765acd78') in 0.000521 seconds
Number of updated asset objects reloaded before import = 0
Number of asset objects unloaded after import = 0
========================================================================
Received Import Request.
  Time since last request: 1129.969277 seconds.
  path: Assets/Levels/Testing.unity
  artifactKey: Guid(c23382718fda8ac4eb72d68a3cbe6346) Importer(815301076,1909f56bfc062723c751e8b465ee728b)
Start importing Assets/Levels/Testing.unity using Guid(c23382718fda8ac4eb72d68a3cbe6346) Importer(815301076,1909f56bfc062723c751e8b465ee728b)  -> (artifact id: '2ac0f8d1c462bcce548cf7a34d14232d') in 0.000505 seconds
Number of updated asset objects reloaded before import = 0
Number of asset objects unloaded after import = 0
========================================================================
Received Import Request.
  Time since last request: 33.259407 seconds.
  path: Assets/Levels/Menu.unity
  artifactKey: Guid(1aeabe27159cbbb46a012f8bed505f67) Importer(815301076,1909f56bfc062723c751e8b465ee728b)
Start importing Assets/Levels/Menu.unity using Guid(1aeabe27159cbbb46a012f8bed505f67) Importer(815301076,1909f56bfc062723c751e8b465ee728b)  -> (artifact id: '1b7a6b5b4edb9af5de9bdc72edbff3ff') in 0.000478 seconds
Number of updated asset objects reloaded before import = 0
Number of asset objects unloaded after import = 0
========================================================================
Received Prepare
Begin MonoManager ReloadAssembly
- Loaded All Assemblies, in  0.576 seconds
Refreshing native plugins compatible for Editor in 3.12 ms, found 3 plugins.
Native extension for UWP target not found
Native extension for WindowsStandalone target not found
Native extension for Android target not found
Native extension for WebGL target not found
[Package Manager] Server::EnsureServerProcessIsRunning -- launch failed, reason: Unity was launched with the -noUpm command-line argument
[Package Manager] UpmClient::Send -- Unable to send message (not connected to UPM process).
[Package Manager] Cannot connect to Unity Package Manager local server
Mono: successfully reloaded assembly
- Finished resetting the current domain, in  0.842 seconds
Domain Reload Profiling: 1415ms
	BeginReloadAssembly (119ms)
		ExecutionOrderSort (0ms)
		DisableScriptedObjects (5ms)
		BackupInstance (0ms)
		ReleaseScriptingObjects (0ms)
		CreateAndSetChildDomain (32ms)
	RebuildCommonClasses (26ms)
	RebuildNativeTypeToScriptingClass (8ms)
	initialDomainReloadingComplete (25ms)
	LoadAllAssembliesAndSetupDomain (394ms)
		LoadAssemblies (215ms)
		RebuildTransferFunctionScriptingTraits (0ms)
		AnalyzeDomain (227ms)
			TypeCache.Refresh (223ms)
				TypeCache.ScanAssembly (212ms)
			ScanForSourceGeneratedMonoScriptInfo (0ms)
			ResolveRequiredComponents (4ms)
	FinalizeReload (842ms)
		ReleaseScriptCaches (0ms)
		RebuildScriptCaches (0ms)
		SetupLoadedEditorAssemblies (386ms)
			LogAssemblyErrors (0ms)
			InitializePlatformSupportModulesInManaged (24ms)
			SetLoadedEditorAssemblies (4ms)
			RefreshPlugins (0ms)
			BeforeProcessingInitializeOnLoad (58ms)
			ProcessInitializeOnLoadAttributes (280ms)
			ProcessInitializeOnLoadMethodAttributes (14ms)
			AfterProcessingInitializeOnLoad (6ms)
			EditorAssembliesLoaded (0ms)
		ExecutionOrderSort2 (0ms)
		AwakeInstancesAfterBackupRestoration (6ms)
Refreshing native plugins compatible for Editor in 3.54 ms, found 3 plugins.
Preloading 0 native plugins for Editor in 0.00 ms.
Unloading 3527 Unused Serialized files (Serialized files now loaded: 0)
Unloading 25 unused Assets / (31.2 KB). Loaded Objects now: 4046.
Memory consumption went from 133.3 MB to 133.2 MB.
Total: 3.126700 ms (FindLiveObjects: 0.468300 ms CreateObjectMapping: 0.129700 ms MarkObjects: 2.482600 ms  DeleteObjects: 0.045100 ms)

Prepare: number of updated asset objects reloaded= 0
AssetImportParameters requested are different than current active one (requested -> active):
  custom:container-demuxer-ogg: 62fdf1f143b41e24485cea50d1cbac27 -> 
  custom:video-codec-MediaFoundation-h265: 746d11721c4dcdbdad8f713fa42b33f4 -> 
  custom:video-decoder-ogg-theora: a1e56fd34408186e4bbccfd4996cb3dc -> 
  custom:framework-win-MediaFoundation: 216162199b28c13a410421893ffa2e32 -> 
  custom:container-demuxer-webm: 4f35f7cbe854078d1ac9338744f61a02 -> 
  custom:container-muxer-webm: aa71ff27fc2769a1b78a27578f13a17b -> 
  custom:video-decoder-webm-vp8: 9c59270c3fd7afecdb556c50c9e8de78 -> 
  custom:AudioImporter_EditorPlatform: d09bf68614088b80899f8185d706f6e7 -> 
  custom:video-encoder-webm-vp8: eb34c28f22e8b96e1ab97ce403110664 -> 
  custom:audio-decoder-ogg-vorbis: bf7c407c2cedff20999df2af8eb42d56 -> 
  custom:audio-encoder-webm-vorbis: bf7c407c2cedff20999df2af8eb42d56 -> 
========================================================================
Received Prepare
Begin MonoManager ReloadAssembly
- Loaded All Assemblies, in  0.568 seconds
Refreshing native plugins compatible for Editor in 2.73 ms, found 3 plugins.
Native extension for UWP target not found
Native extension for WindowsStandalone target not found
Native extension for Android target not found
Native extension for WebGL target not found
[Package Manager] Server::EnsureServerProcessIsRunning -- launch failed, reason: Unity was launched with the -noUpm command-line argument
[Package Manager] UpmClient::Send -- Unable to send message (not connected to UPM process).
[Package Manager] Cannot connect to Unity Package Manager local server
Mono: successfully reloaded assembly
- Finished resetting the current domain, in  0.833 seconds
Domain Reload Profiling: 1398ms
	BeginReloadAssembly (117ms)
		ExecutionOrderSort (0ms)
		DisableScriptedObjects (5ms)
		BackupInstance (0ms)
		ReleaseScriptingObjects (0ms)
		CreateAndSetChildDomain (31ms)
	RebuildCommonClasses (26ms)
	RebuildNativeTypeToScriptingClass (8ms)
	initialDomainReloadingComplete (26ms)
	LoadAllAssembliesAndSetupDomain (387ms)
		LoadAssemblies (216ms)
		RebuildTransferFunctionScriptingTraits (0ms)
		AnalyzeDomain (217ms)
			TypeCache.Refresh (214ms)
				TypeCache.ScanAssembly (203ms)
			ScanForSourceGeneratedMonoScriptInfo (0ms)
			ResolveRequiredComponents (3ms)
	FinalizeReload (834ms)
		ReleaseScriptCaches (0ms)
		RebuildScriptCaches (0ms)
		SetupLoadedEditorAssemblies (415ms)
			LogAssemblyErrors (0ms)
			InitializePlatformSupportModulesInManaged (25ms)
			SetLoadedEditorAssemblies (5ms)
			RefreshPlugins (0ms)
			BeforeProcessingInitializeOnLoad (60ms)
			ProcessInitializeOnLoadAttributes (300ms)
			ProcessInitializeOnLoadMethodAttributes (17ms)
			AfterProcessingInitializeOnLoad (8ms)
			EditorAssembliesLoaded (0ms)
		ExecutionOrderSort2 (0ms)
		AwakeInstancesAfterBackupRestoration (8ms)
Refreshing native plugins compatible for Editor in 2.88 ms, found 3 plugins.
Preloading 0 native plugins for Editor in 0.00 ms.
Unloading 3528 Unused Serialized files (Serialized files now loaded: 0)
Unloading 25 unused Assets / (31.1 KB). Loaded Objects now: 4049.
Memory consumption went from 133.5 MB to 133.5 MB.
Total: 3.217700 ms (FindLiveObjects: 0.280800 ms CreateObjectMapping: 0.194200 ms MarkObjects: 2.671900 ms  DeleteObjects: 0.070100 ms)

Prepare: number of updated asset objects reloaded= 0
AssetImportParameters requested are different than current active one (requested -> active):
  custom:container-demuxer-ogg: 62fdf1f143b41e24485cea50d1cbac27 -> 
  custom:video-codec-MediaFoundation-h265: 746d11721c4dcdbdad8f713fa42b33f4 -> 
  custom:video-decoder-ogg-theora: a1e56fd34408186e4bbccfd4996cb3dc -> 
  custom:framework-win-MediaFoundation: 216162199b28c13a410421893ffa2e32 -> 
  custom:container-demuxer-webm: 4f35f7cbe854078d1ac9338744f61a02 -> 
  custom:container-muxer-webm: aa71ff27fc2769a1b78a27578f13a17b -> 
  custom:video-decoder-webm-vp8: 9c59270c3fd7afecdb556c50c9e8de78 -> 
  custom:AudioImporter_EditorPlatform: d09bf68614088b80899f8185d706f6e7 -> 
  custom:video-encoder-webm-vp8: eb34c28f22e8b96e1ab97ce403110664 -> 
  custom:audio-decoder-ogg-vorbis: bf7c407c2cedff20999df2af8eb42d56 -> 
  custom:audio-encoder-webm-vorbis: bf7c407c2cedff20999df2af8eb42d56 -> 
========================================================================
Received Prepare
Begin MonoManager ReloadAssembly
- Loaded All Assemblies, in  0.564 seconds
Refreshing native plugins compatible for Editor in 2.86 ms, found 3 plugins.
Native extension for UWP target not found
Native extension for WindowsStandalone target not found
Native extension for Android target not found
Native extension for WebGL target not found
[Package Manager] Server::EnsureServerProcessIsRunning -- launch failed, reason: Unity was launched with the -noUpm command-line argument
[Package Manager] UpmClient::Send -- Unable to send message (not connected to UPM process).
[Package Manager] Cannot connect to Unity Package Manager local server
Mono: successfully reloaded assembly
- Finished resetting the current domain, in  0.797 seconds
Domain Reload Profiling: 1358ms
	BeginReloadAssembly (120ms)
		ExecutionOrderSort (0ms)
		DisableScriptedObjects (5ms)
		BackupInstance (0ms)
		ReleaseScriptingObjects (0ms)
		CreateAndSetChildDomain (32ms)
	RebuildCommonClasses (27ms)
	RebuildNativeTypeToScriptingClass (8ms)
	initialDomainReloadingComplete (26ms)
	LoadAllAssembliesAndSetupDomain (379ms)
		LoadAssemblies (210ms)
		RebuildTransferFunctionScriptingTraits (0ms)
		AnalyzeDomain (217ms)
			TypeCache.Refresh (213ms)
				TypeCache.ScanAssembly (203ms)
			ScanForSourceGeneratedMonoScriptInfo (0ms)
			ResolveRequiredComponents (3ms)
	FinalizeReload (797ms)
		ReleaseScriptCaches (0ms)
		RebuildScriptCaches (0ms)
		SetupLoadedEditorAssemblies (373ms)
			LogAssemblyErrors (0ms)
			InitializePlatformSupportModulesInManaged (22ms)
			SetLoadedEditorAssemblies (4ms)
			RefreshPlugins (0ms)
			BeforeProcessingInitializeOnLoad (58ms)
			ProcessInitializeOnLoadAttributes (262ms)
			ProcessInitializeOnLoadMethodAttributes (19ms)
			AfterProcessingInitializeOnLoad (7ms)
			EditorAssembliesLoaded (0ms)
		ExecutionOrderSort2 (0ms)
		AwakeInstancesAfterBackupRestoration (6ms)
Refreshing native plugins compatible for Editor in 2.94 ms, found 3 plugins.
Preloading 0 native plugins for Editor in 0.00 ms.
Unloading 3528 Unused Serialized files (Serialized files now loaded: 0)
Unloading 25 unused Assets / (31.1 KB). Loaded Objects now: 4052.
Memory consumption went from 133.5 MB to 133.5 MB.
Total: 2.628100 ms (FindLiveObjects: 0.221300 ms CreateObjectMapping: 0.092600 ms MarkObjects: 2.270600 ms  DeleteObjects: 0.043100 ms)

Prepare: number of updated asset objects reloaded= 0
AssetImportParameters requested are different than current active one (requested -> active):
  custom:container-demuxer-ogg: 62fdf1f143b41e24485cea50d1cbac27 -> 
  custom:video-codec-MediaFoundation-h265: 746d11721c4dcdbdad8f713fa42b33f4 -> 
  custom:video-decoder-ogg-theora: a1e56fd34408186e4bbccfd4996cb3dc -> 
  custom:framework-win-MediaFoundation: 216162199b28c13a410421893ffa2e32 -> 
  custom:container-demuxer-webm: 4f35f7cbe854078d1ac9338744f61a02 -> 
  custom:container-muxer-webm: aa71ff27fc2769a1b78a27578f13a17b -> 
  custom:video-decoder-webm-vp8: 9c59270c3fd7afecdb556c50c9e8de78 -> 
  custom:AudioImporter_EditorPlatform: d09bf68614088b80899f8185d706f6e7 -> 
  custom:video-encoder-webm-vp8: eb34c28f22e8b96e1ab97ce403110664 -> 
  custom:audio-decoder-ogg-vorbis: bf7c407c2cedff20999df2af8eb42d56 -> 
  custom:audio-encoder-webm-vorbis: bf7c407c2cedff20999df2af8eb42d56 -> 
========================================================================
Received Prepare
Begin MonoManager ReloadAssembly
- Loaded All Assemblies, in  0.568 seconds
Refreshing native plugins compatible for Editor in 2.78 ms, found 3 plugins.
Native extension for UWP target not found
Native extension for WindowsStandalone target not found
Native extension for Android target not found
Native extension for WebGL target not found
[Package Manager] Server::EnsureServerProcessIsRunning -- launch failed, reason: Unity was launched with the -noUpm command-line argument
[Package Manager] UpmClient::Send -- Unable to send message (not connected to UPM process).
[Package Manager] Cannot connect to Unity Package Manager local server
Mono: successfully reloaded assembly
- Finished resetting the current domain, in  0.802 seconds
Domain Reload Profiling: 1367ms
	BeginReloadAssembly (120ms)
		ExecutionOrderSort (0ms)
		DisableScriptedObjects (5ms)
		BackupInstance (0ms)
		ReleaseScriptingObjects (0ms)
		CreateAndSetChildDomain (30ms)
	RebuildCommonClasses (33ms)
	RebuildNativeTypeToScriptingClass (8ms)
	initialDomainReloadingComplete (25ms)
	LoadAllAssembliesAndSetupDomain (378ms)
		LoadAssemblies (216ms)
		RebuildTransferFunctionScriptingTraits (0ms)
		AnalyzeDomain (212ms)
			TypeCache.Refresh (209ms)
				TypeCache.ScanAssembly (199ms)
			ScanForSourceGeneratedMonoScriptInfo (0ms)
			ResolveRequiredComponents (3ms)
	FinalizeReload (803ms)
		ReleaseScriptCaches (0ms)
		RebuildScriptCaches (0ms)
		SetupLoadedEditorAssemblies (377ms)
			LogAssemblyErrors (0ms)
			InitializePlatformSupportModulesInManaged (25ms)
			SetLoadedEditorAssemblies (4ms)
			RefreshPlugins (0ms)
			BeforeProcessingInitializeOnLoad (58ms)
			ProcessInitializeOnLoadAttributes (267ms)
			ProcessInitializeOnLoadMethodAttributes (16ms)
			AfterProcessingInitializeOnLoad (7ms)
			EditorAssembliesLoaded (0ms)
		ExecutionOrderSort2 (0ms)
		AwakeInstancesAfterBackupRestoration (6ms)
Refreshing native plugins compatible for Editor in 2.73 ms, found 3 plugins.
Preloading 0 native plugins for Editor in 0.00 ms.
Unloading 3528 Unused Serialized files (Serialized files now loaded: 0)
Unloading 25 unused Assets / (31.2 KB). Loaded Objects now: 4055.
Memory consumption went from 133.5 MB to 133.5 MB.
Total: 2.630700 ms (FindLiveObjects: 0.227300 ms CreateObjectMapping: 0.093500 ms MarkObjects: 2.264500 ms  DeleteObjects: 0.044600 ms)

Prepare: number of updated asset objects reloaded= 0
AssetImportParameters requested are different than current active one (requested -> active):
  custom:container-demuxer-ogg: 62fdf1f143b41e24485cea50d1cbac27 -> 
  custom:video-codec-MediaFoundation-h265: 746d11721c4dcdbdad8f713fa42b33f4 -> 
  custom:video-decoder-ogg-theora: a1e56fd34408186e4bbccfd4996cb3dc -> 
  custom:framework-win-MediaFoundation: 216162199b28c13a410421893ffa2e32 -> 
  custom:container-demuxer-webm: 4f35f7cbe854078d1ac9338744f61a02 -> 
  custom:container-muxer-webm: aa71ff27fc2769a1b78a27578f13a17b -> 
  custom:video-decoder-webm-vp8: 9c59270c3fd7afecdb556c50c9e8de78 -> 
  custom:AudioImporter_EditorPlatform: d09bf68614088b80899f8185d706f6e7 -> 
  custom:video-encoder-webm-vp8: eb34c28f22e8b96e1ab97ce403110664 -> 
  custom:audio-decoder-ogg-vorbis: bf7c407c2cedff20999df2af8eb42d56 -> 
  custom:audio-encoder-webm-vorbis: bf7c407c2cedff20999df2af8eb42d56 -> 
========================================================================
Received Import Request.
  Time since last request: 4059.807895 seconds.
  path: Assets/Art/Textures/InitButtons (1)/shape001_style02_color08.png
  artifactKey: Guid(e406331a18ce1b5478d646ad0c8dad6f) Importer(815301076,1909f56bfc062723c751e8b465ee728b)
Start importing Assets/Art/Textures/InitButtons (1)/shape001_style02_color08.png using Guid(e406331a18ce1b5478d646ad0c8dad6f) Importer(815301076,1909f56bfc062723c751e8b465ee728b)  -> (artifact id: '5f20373d6131946d5c77db13328562dd') in 0.067741 seconds
Number of updated asset objects reloaded before import = 0
Number of asset objects unloaded after import = 3
========================================================================
Received Import Request.
  Time since last request: 0.000017 seconds.
  path: Assets/Art/Textures/InitButtons (2)/shape020_style03_color01.png
  artifactKey: Guid(b7995ac21e5065d448773bbab71c5a30) Importer(815301076,1909f56bfc062723c751e8b465ee728b)
Start importing Assets/Art/Textures/InitButtons (2)/shape020_style03_color01.png using Guid(b7995ac21e5065d448773bbab71c5a30) Importer(815301076,1909f56bfc062723c751e8b465ee728b)  -> (artifact id: '84fca9ffdad85daae059edfb54984b15') in 0.023594 seconds
Number of updated asset objects reloaded before import = 0
Number of asset objects unloaded after import = 3
========================================================================
Received Import Request.
  Time since last request: 0.000013 seconds.
  path: Assets/Art/Textures/InitButtons (2)/shape020_style03_color05.png
  artifactKey: Guid(151c2d8f33dec3747bfc77fe3d65d951) Importer(815301076,1909f56bfc062723c751e8b465ee728b)
Start importing Assets/Art/Textures/InitButtons (2)/shape020_style03_color05.png using Guid(151c2d8f33dec3747bfc77fe3d65d951) Importer(815301076,1909f56bfc062723c751e8b465ee728b)  -> (artifact id: 'de59911dc876c015130012261ffcd12f') in 0.026326 seconds
Number of updated asset objects reloaded before import = 0
Number of asset objects unloaded after import = 3
========================================================================
Received Import Request.
  Time since last request: 0.000018 seconds.
  path: Assets/Art/Textures/InitButtons (1)/shape017_style02_color07.png
  artifactKey: Guid(53ea469b066c62d4181b48e899193cd1) Importer(815301076,1909f56bfc062723c751e8b465ee728b)
Start importing Assets/Art/Textures/InitButtons (1)/shape017_style02_color07.png using Guid(53ea469b066c62d4181b48e899193cd1) Importer(815301076,1909f56bfc062723c751e8b465ee728b)  -> (artifact id: '6017d429994a15e60a30d06f0c91ec30') in 0.021449 seconds
Number of updated asset objects reloaded before import = 0
Number of asset objects unloaded after import = 3
========================================================================
Received Import Request.
  Time since last request: 0.000017 seconds.
  path: Assets/Art/Textures/InitButtons (1)/shape072_style02_color01.png
  artifactKey: Guid(61828f2de3c5ad8418749a7790e73ab2) Importer(815301076,1909f56bfc062723c751e8b465ee728b)
Start importing Assets/Art/Textures/InitButtons (1)/shape072_style02_color01.png using Guid(61828f2de3c5ad8418749a7790e73ab2) Importer(815301076,1909f56bfc062723c751e8b465ee728b)  -> (artifact id: 'a84ac737c7c80fb68504c417832502f1') in 0.024169 seconds
Number of updated asset objects reloaded before import = 0
Number of asset objects unloaded after import = 3
========================================================================
Received Import Request.
  Time since last request: 0.000015 seconds.
  path: Assets/Art/Textures/InitButtons/shape086_style01_color04.png
  artifactKey: Guid(949240168e6f24749b3bf2f125f5bb23) Importer(815301076,1909f56bfc062723c751e8b465ee728b)
Start importing Assets/Art/Textures/InitButtons/shape086_style01_color04.png using Guid(949240168e6f24749b3bf2f125f5bb23) Importer(815301076,1909f56bfc062723c751e8b465ee728b)  -> (artifact id: 'b6ac4f1af268de462cdcefbddd2477c0') in 0.018462 seconds
Number of updated asset objects reloaded before import = 0
Number of asset objects unloaded after import = 3
========================================================================
Received Import Request.
  Time since last request: 0.000015 seconds.
  path: Assets/Art/Textures/InitButtons (1)/shape007_style02_color02.png
  artifactKey: Guid(8e448dbf966fda24d8172ce7cd14dc44) Importer(815301076,1909f56bfc062723c751e8b465ee728b)
Start importing Assets/Art/Textures/InitButtons (1)/shape007_style02_color02.png using Guid(8e448dbf966fda24d8172ce7cd14dc44) Importer(815301076,1909f56bfc062723c751e8b465ee728b)  -> (artifact id: 'fa92dad18e53a3599c4c0ec27a3e2f37') in 0.018667 seconds
Number of updated asset objects reloaded before import = 0
Number of asset objects unloaded after import = 3
========================================================================
Received Import Request.
  Time since last request: 0.000017 seconds.
  path: Assets/Art/Textures/InitButtons/shape086_style01_color07.png
  artifactKey: Guid(a3a6588cc38becb42b2b03a342ebb009) Importer(815301076,1909f56bfc062723c751e8b465ee728b)
Start importing Assets/Art/Textures/InitButtons/shape086_style01_color07.png using Guid(a3a6588cc38becb42b2b03a342ebb009) Importer(815301076,1909f56bfc062723c751e8b465ee728b)  -> (artifact id: '2b5373afb79ebbd1bf941de7b3e96644') in 0.020576 seconds
Number of updated asset objects reloaded before import = 0
Number of asset objects unloaded after import = 3
========================================================================
Received Import Request.
  Time since last request: 0.000021 seconds.
  path: Assets/Art/Textures/InitButtons/shape095_style01_color12.png
  artifactKey: Guid(5b7c7abb578551a42a3f3e0a61c53d1f) Importer(815301076,1909f56bfc062723c751e8b465ee728b)
Start importing Assets/Art/Textures/InitButtons/shape095_style01_color12.png using Guid(5b7c7abb578551a42a3f3e0a61c53d1f) Importer(815301076,1909f56bfc062723c751e8b465ee728b)  -> (artifact id: '06bd16d848fb36db40f46601abd8116d') in 0.006840 seconds
Number of updated asset objects reloaded before import = 0
Number of asset objects unloaded after import = 3
========================================================================
Received Import Request.
  Time since last request: 0.000077 seconds.
  path: Assets/Art/Textures/InitButtons/shape034_style01_color02.png
  artifactKey: Guid(fc8e6842783eb1043a628834e365285e) Importer(815301076,1909f56bfc062723c751e8b465ee728b)
Start importing Assets/Art/Textures/InitButtons/shape034_style01_color02.png using Guid(fc8e6842783eb1043a628834e365285e) Importer(815301076,1909f56bfc062723c751e8b465ee728b)  -> (artifact id: 'd91fb833901f3b584350b2db702d19e0') in 0.007863 seconds
Number of updated asset objects reloaded before import = 0
Number of asset objects unloaded after import = 3
========================================================================
Received Import Request.
  Time since last request: 0.000013 seconds.
  path: Assets/Art/Textures/InitButtons/shape011_style01_color06.png
  artifactKey: Guid(4dbe8e7091943c144b7c36f1c45c563c) Importer(815301076,1909f56bfc062723c751e8b465ee728b)
Start importing Assets/Art/Textures/InitButtons/shape011_style01_color06.png using Guid(4dbe8e7091943c144b7c36f1c45c563c) Importer(815301076,1909f56bfc062723c751e8b465ee728b)  -> (artifact id: 'a526e28786b0bb1f7c3f7d7a8f3c8b9a') in 0.007714 seconds
Number of updated asset objects reloaded before import = 0
Number of asset objects unloaded after import = 3
========================================================================
Received Import Request.
  Time since last request: 0.000012 seconds.
  path: Assets/Art/Textures/InitButtons/shape014_style01_color07.png
  artifactKey: Guid(a599b0a9174ec7549b151737999d84d3) Importer(815301076,1909f56bfc062723c751e8b465ee728b)
Start importing Assets/Art/Textures/InitButtons/shape014_style01_color07.png using Guid(a599b0a9174ec7549b151737999d84d3) Importer(815301076,1909f56bfc062723c751e8b465ee728b)  -> (artifact id: 'a66c44a988bcbb33941eef6c504bf7db') in 0.007463 seconds
Number of updated asset objects reloaded before import = 0
Number of asset objects unloaded after import = 3
========================================================================
Received Import Request.
  Time since last request: 0.000102 seconds.
  path: Assets/Art/Textures/InitButtons/shape011_style01_color10.png
  artifactKey: Guid(e5dcd6ce2f29ec843ba53bb8ffabc56e) Importer(815301076,1909f56bfc062723c751e8b465ee728b)
Start importing Assets/Art/Textures/InitButtons/shape011_style01_color10.png using Guid(e5dcd6ce2f29ec843ba53bb8ffabc56e) Importer(815301076,1909f56bfc062723c751e8b465ee728b)  -> (artifact id: 'c0e1518bb39fa26d5cf001141fd7c15c') in 0.006830 seconds
Number of updated asset objects reloaded before import = 0
Number of asset objects unloaded after import = 3
========================================================================
Received Import Request.
  Time since last request: 0.000016 seconds.
  path: Assets/Art/Textures/InitButtons (2)/shape029_style03_color10.png
  artifactKey: Guid(5caeb58835ac06f428150b7685ff5b8e) Importer(815301076,1909f56bfc062723c751e8b465ee728b)
Start importing Assets/Art/Textures/InitButtons (2)/shape029_style03_color10.png using Guid(5caeb58835ac06f428150b7685ff5b8e) Importer(815301076,1909f56bfc062723c751e8b465ee728b)  -> (artifact id: 'e86842c4a8dcff4ad6fed2cc6a177654') in 0.008306 seconds
Number of updated asset objects reloaded before import = 0
Number of asset objects unloaded after import = 3
========================================================================
Received Import Request.
  Time since last request: 0.000016 seconds.
  path: Assets/Art/Textures/InitButtons/shape056_style01_color02.png
  artifactKey: Guid(a34eba8ff93c3984aadde023ff874008) Importer(815301076,1909f56bfc062723c751e8b465ee728b)
Start importing Assets/Art/Textures/InitButtons/shape056_style01_color02.png using Guid(a34eba8ff93c3984aadde023ff874008) Importer(815301076,1909f56bfc062723c751e8b465ee728b)  -> (artifact id: 'e3e845fe267beb2800afefeb0cb4fcc1') in 0.008522 seconds
Number of updated asset objects reloaded before import = 0
Number of asset objects unloaded after import = 3
========================================================================
Received Import Request.
  Time since last request: 0.000016 seconds.
  path: Assets/Art/Textures/InitButtons/shape072_style01_color11.png
  artifactKey: Guid(a8573a614424d6b41add7f63a663e4c4) Importer(815301076,1909f56bfc062723c751e8b465ee728b)
Start importing Assets/Art/Textures/InitButtons/shape072_style01_color11.png using Guid(a8573a614424d6b41add7f63a663e4c4) Importer(815301076,1909f56bfc062723c751e8b465ee728b)  -> (artifact id: 'fb2e7124b780c6ca1ada803492641275') in 0.009164 seconds
Number of updated asset objects reloaded before import = 0
Number of asset objects unloaded after import = 3
========================================================================
Received Import Request.
  Time since last request: 0.000013 seconds.
  path: Assets/Art/Textures/InitButtons/shape086_style01_color05.png
  artifactKey: Guid(1f34eaab8ea61f44d984a436a361b18c) Importer(815301076,1909f56bfc062723c751e8b465ee728b)
Start importing Assets/Art/Textures/InitButtons/shape086_style01_color05.png using Guid(1f34eaab8ea61f44d984a436a361b18c) Importer(815301076,1909f56bfc062723c751e8b465ee728b)  -> (artifact id: '03334eb1197b7284f1f164cc0b4a2e44') in 0.007146 seconds
Number of updated asset objects reloaded before import = 0
Number of asset objects unloaded after import = 3
========================================================================
Received Import Request.
  Time since last request: 0.000103 seconds.
  path: Assets/Art/Textures/InitButtons/shape086_style01_color10.png
  artifactKey: Guid(6f5991e512a7c5e429ec5390c2ac5f11) Importer(815301076,1909f56bfc062723c751e8b465ee728b)
Start importing Assets/Art/Textures/InitButtons/shape086_style01_color10.png using Guid(6f5991e512a7c5e429ec5390c2ac5f11) Importer(815301076,1909f56bfc062723c751e8b465ee728b)  -> (artifact id: '5ad2ce20639459eaa94c679694a4a16f') in 0.007766 seconds
Number of updated asset objects reloaded before import = 0
Number of asset objects unloaded after import = 3
========================================================================
Received Import Request.
  Time since last request: 0.000017 seconds.
  path: Assets/Art/Textures/InitButtons (2)/shape029_style03_color05.png
  artifactKey: Guid(046576270c763334388057461a66822f) Importer(815301076,1909f56bfc062723c751e8b465ee728b)
Start importing Assets/Art/Textures/InitButtons (2)/shape029_style03_color05.png using Guid(046576270c763334388057461a66822f) Importer(815301076,1909f56bfc062723c751e8b465ee728b)  -> (artifact id: '33548c56fd7dc3a85aa7781bcc30cfa8') in 0.012218 seconds
Number of updated asset objects reloaded before import = 0
Number of asset objects unloaded after import = 3
========================================================================
Received Import Request.
  Time since last request: 0.000016 seconds.
  path: Assets/Art/Textures/InitButtons/shape014_style01_color02.png
  artifactKey: Guid(b612fbfa553cf4045a02a4c43ce5d66b) Importer(815301076,1909f56bfc062723c751e8b465ee728b)
Start importing Assets/Art/Textures/InitButtons/shape014_style01_color02.png using Guid(b612fbfa553cf4045a02a4c43ce5d66b) Importer(815301076,1909f56bfc062723c751e8b465ee728b)  -> (artifact id: '2783634cee20e9ec47e154ee9e7cc0cf') in 0.008038 seconds
Number of updated asset objects reloaded before import = 0
Number of asset objects unloaded after import = 3
========================================================================
Received Import Request.
  Time since last request: 0.000015 seconds.
  path: Assets/Art/Textures/InitButtons (1)/shape099_style02_color08.png
  artifactKey: Guid(11878d0dc3d047145921d0c843603263) Importer(815301076,1909f56bfc062723c751e8b465ee728b)
Start importing Assets/Art/Textures/InitButtons (1)/shape099_style02_color08.png using Guid(11878d0dc3d047145921d0c843603263) Importer(815301076,1909f56bfc062723c751e8b465ee728b)  -> (artifact id: 'b9d59a415ba8667842516b275c0bd067') in 0.008996 seconds
Number of updated asset objects reloaded before import = 0
Number of asset objects unloaded after import = 3
========================================================================
Received Import Request.
  Time since last request: 0.000012 seconds.
  path: Assets/Art/Textures/InitButtons (1)/shape001_style02_color12.png
  artifactKey: Guid(5099e01dcb023d34db6fbb7f39cc255f) Importer(815301076,1909f56bfc062723c751e8b465ee728b)
Start importing Assets/Art/Textures/InitButtons (1)/shape001_style02_color12.png using Guid(5099e01dcb023d34db6fbb7f39cc255f) Importer(815301076,1909f56bfc062723c751e8b465ee728b)  -> (artifact id: '2565db47584323e2ad51c3f794d923dd') in 0.007316 seconds
Number of updated asset objects reloaded before import = 0
Number of asset objects unloaded after import = 3
========================================================================
Received Import Request.
  Time since last request: 0.000013 seconds.
  path: Assets/Art/Textures/InitButtons (1)/shape009_style02_color04.png
  artifactKey: Guid(9ee38d974b8f0eb47ae8e9cd94771013) Importer(815301076,1909f56bfc062723c751e8b465ee728b)
Start importing Assets/Art/Textures/InitButtons (1)/shape009_style02_color04.png using Guid(9ee38d974b8f0eb47ae8e9cd94771013) Importer(815301076,1909f56bfc062723c751e8b465ee728b)  -> (artifact id: '9bf89ac14e17d9de4df90e5fb67705e4') in 0.007953 seconds
Number of updated asset objects reloaded before import = 0
Number of asset objects unloaded after import = 3
========================================================================
Received Import Request.
  Time since last request: 0.000017 seconds.
  path: Assets/Art/Textures/InitButtons (1)/shape020_style02_color12.png
  artifactKey: Guid(842e2e3f726cf314e974241c7a662af2) Importer(815301076,1909f56bfc062723c751e8b465ee728b)
Start importing Assets/Art/Textures/InitButtons (1)/shape020_style02_color12.png using Guid(842e2e3f726cf314e974241c7a662af2) Importer(815301076,1909f56bfc062723c751e8b465ee728b)  -> (artifact id: '569df8130171588eca379d48bc840363') in 0.008192 seconds
Number of updated asset objects reloaded before import = 0
Number of asset objects unloaded after import = 3
========================================================================
Received Import Request.
  Time since last request: 0.000019 seconds.
  path: Assets/Art/Textures/InitButtons/shape034_style01_color05.png
  artifactKey: Guid(3c5996b5c80275e41a2d39062686e6d5) Importer(815301076,1909f56bfc062723c751e8b465ee728b)
Start importing Assets/Art/Textures/InitButtons/shape034_style01_color05.png using Guid(3c5996b5c80275e41a2d39062686e6d5) Importer(815301076,1909f56bfc062723c751e8b465ee728b)  -> (artifact id: 'd668065dbeb2f902f1d468f21077e922') in 0.008535 seconds
Number of updated asset objects reloaded before import = 0
Number of asset objects unloaded after import = 3
========================================================================
Received Import Request.
  Time since last request: 0.000017 seconds.
  path: Assets/Art/Textures/InitButtons/shape034_style01_color04.png
  artifactKey: Guid(2be3aac99a3d8ee44b0972b41a0db51c) Importer(815301076,1909f56bfc062723c751e8b465ee728b)
Start importing Assets/Art/Textures/InitButtons/shape034_style01_color04.png using Guid(2be3aac99a3d8ee44b0972b41a0db51c) Importer(815301076,1909f56bfc062723c751e8b465ee728b)  -> (artifact id: '18a63ffa7d857610964af4385a590983') in 0.007373 seconds
Number of updated asset objects reloaded before import = 0
Number of asset objects unloaded after import = 3
========================================================================
Received Import Request.
  Time since last request: 0.000013 seconds.
  path: Assets/Art/Textures/InitButtons (1)/shape005_style02_color05.png
  artifactKey: Guid(f07208204b605f242b0702b209929a08) Importer(815301076,1909f56bfc062723c751e8b465ee728b)
Start importing Assets/Art/Textures/InitButtons (1)/shape005_style02_color05.png using Guid(f07208204b605f242b0702b209929a08) Importer(815301076,1909f56bfc062723c751e8b465ee728b)  -> (artifact id: '4b8a63082b9c2a02d9e9fbfc1707e682') in 0.007962 seconds
Number of updated asset objects reloaded before import = 0
Number of asset objects unloaded after import = 3
========================================================================
Received Import Request.
  Time since last request: 0.000012 seconds.
  path: Assets/Art/Textures/InitButtons/shape086_style01_color09.png
  artifactKey: Guid(6c2f17c046e41f04ba0d347000be1f24) Importer(815301076,1909f56bfc062723c751e8b465ee728b)
Start importing Assets/Art/Textures/InitButtons/shape086_style01_color09.png using Guid(6c2f17c046e41f04ba0d347000be1f24) Importer(815301076,1909f56bfc062723c751e8b465ee728b)  -> (artifact id: '2050a8c05e995a58094e2af214fee3e9') in 0.007002 seconds
Number of updated asset objects reloaded before import = 0
Number of asset objects unloaded after import = 3
========================================================================
Received Import Request.
  Time since last request: 0.000015 seconds.
  path: Assets/Art/Textures/InitButtons (1)/shape005_style02_color07.png
  artifactKey: Guid(e6b4ecbbada86d249bdd840d90f6226f) Importer(815301076,1909f56bfc062723c751e8b465ee728b)
Start importing Assets/Art/Textures/InitButtons (1)/shape005_style02_color07.png using Guid(e6b4ecbbada86d249bdd840d90f6226f) Importer(815301076,1909f56bfc062723c751e8b465ee728b)  -> (artifact id: 'c52a79614c94e4ab54d1609421498bff') in 0.007915 seconds
Number of updated asset objects reloaded before import = 0
Number of asset objects unloaded after import = 3
========================================================================
Received Import Request.
  Time since last request: 0.000014 seconds.
  path: Assets/Art/Textures/InitButtons (1)/shape095_style02_color01.png
  artifactKey: Guid(7d8c92fcd41712c4b836f56bc4a3166f) Importer(815301076,1909f56bfc062723c751e8b465ee728b)
Start importing Assets/Art/Textures/InitButtons (1)/shape095_style02_color01.png using Guid(7d8c92fcd41712c4b836f56bc4a3166f) Importer(815301076,1909f56bfc062723c751e8b465ee728b)  -> (artifact id: '203721f34596a9e6e88f17611cdad40f') in 0.006971 seconds
Number of updated asset objects reloaded before import = 0
Number of asset objects unloaded after import = 3
========================================================================
Received Import Request.
  Time since last request: 0.000012 seconds.
  path: Assets/Art/Textures/InitButtons/shape034_style01_color10.png
  artifactKey: Guid(3fcc61aec525eb149b8ddc3014e66fc6) Importer(815301076,1909f56bfc062723c751e8b465ee728b)
Start importing Assets/Art/Textures/InitButtons/shape034_style01_color10.png using Guid(3fcc61aec525eb149b8ddc3014e66fc6) Importer(815301076,1909f56bfc062723c751e8b465ee728b)  -> (artifact id: '72fcef5b2956e29803e4ab9a58ebc5a9') in 0.007269 seconds
Number of updated asset objects reloaded before import = 0
Number of asset objects unloaded after import = 3
========================================================================
Received Import Request.
  Time since last request: 0.000015 seconds.
  path: Assets/Art/Textures/InitButtons (2)/shape029_style03_color03.png
  artifactKey: Guid(33db614fc42548745b589c639d3a5e8b) Importer(815301076,1909f56bfc062723c751e8b465ee728b)
Start importing Assets/Art/Textures/InitButtons (2)/shape029_style03_color03.png using Guid(33db614fc42548745b589c639d3a5e8b) Importer(815301076,1909f56bfc062723c751e8b465ee728b)  -> (artifact id: 'c7d642c3666fd8de2750617e2dc0fb47') in 0.007457 seconds
Number of updated asset objects reloaded before import = 0
Number of asset objects unloaded after import = 3
========================================================================
Received Import Request.
  Time since last request: 0.000013 seconds.
  path: Assets/Art/Textures/InitButtons/shape011_style01_color07.png
  artifactKey: Guid(5a4613cf7909d2d449e2e64edd9b400e) Importer(815301076,1909f56bfc062723c751e8b465ee728b)
Start importing Assets/Art/Textures/InitButtons/shape011_style01_color07.png using Guid(5a4613cf7909d2d449e2e64edd9b400e) Importer(815301076,1909f56bfc062723c751e8b465ee728b)  -> (artifact id: 'ae06df7f92d9296a8f754484146d6a2d') in 0.007048 seconds
Number of updated asset objects reloaded before import = 0
Number of asset objects unloaded after import = 3
========================================================================
Received Import Request.
  Time since last request: 0.000023 seconds.
  path: Assets/Art/Textures/InitButtons (2)/shape001_style03_color01.png
  artifactKey: Guid(1cf2b3b52fe70924e8bbe10ebdfa3c79) Importer(815301076,1909f56bfc062723c751e8b465ee728b)
Start importing Assets/Art/Textures/InitButtons (2)/shape001_style03_color01.png using Guid(1cf2b3b52fe70924e8bbe10ebdfa3c79) Importer(815301076,1909f56bfc062723c751e8b465ee728b)  -> (artifact id: '9ac0b32771a4787481d23d1fc53b09ca') in 0.007249 seconds
Number of updated asset objects reloaded before import = 0
Number of asset objects unloaded after import = 3
========================================================================
Received Import Request.
  Time since last request: 0.000013 seconds.
  path: Assets/Art/Textures/InitButtons (2)/shape020_style03_color07.png
  artifactKey: Guid(423c363c42b55844db501e9a333c6948) Importer(815301076,1909f56bfc062723c751e8b465ee728b)
Start importing Assets/Art/Textures/InitButtons (2)/shape020_style03_color07.png using Guid(423c363c42b55844db501e9a333c6948) Importer(815301076,1909f56bfc062723c751e8b465ee728b)  -> (artifact id: 'fc0d7193350c29e9da76276bb8d61a33') in 0.006816 seconds
Number of updated asset objects reloaded before import = 0
Number of asset objects unloaded after import = 3
========================================================================
Received Import Request.
  Time since last request: 0.000014 seconds.
  path: Assets/Art/Textures/InitButtons/shape014_style01_color04.png
  artifactKey: Guid(80d51605926280041bf6e169171f333b) Importer(815301076,1909f56bfc062723c751e8b465ee728b)
Start importing Assets/Art/Textures/InitButtons/shape014_style01_color04.png using Guid(80d51605926280041bf6e169171f333b) Importer(815301076,1909f56bfc062723c751e8b465ee728b)  -> (artifact id: '448807aaba2277f5a0c0ccb96ff7ea44') in 0.007711 seconds
Number of updated asset objects reloaded before import = 0
Number of asset objects unloaded after import = 3
========================================================================
Received Import Request.
  Time since last request: 0.000013 seconds.
  path: Assets/Art/Textures/InitButtons (1)/shape099_style02_color06.png
  artifactKey: Guid(1e9a172d26aefcb4cb650802b106104b) Importer(815301076,1909f56bfc062723c751e8b465ee728b)
Start importing Assets/Art/Textures/InitButtons (1)/shape099_style02_color06.png using Guid(1e9a172d26aefcb4cb650802b106104b) Importer(815301076,1909f56bfc062723c751e8b465ee728b)  -> (artifact id: 'd810013d3e7a3f0569e3270f0d958453') in 0.007239 seconds
Number of updated asset objects reloaded before import = 0
Number of asset objects unloaded after import = 3
========================================================================
Received Import Request.
  Time since last request: 0.000015 seconds.
  path: Assets/Art/Textures/InitButtons (1)/shape017_style02_color05.png
  artifactKey: Guid(96f41aac5317e8f41a05dcddbb6a128b) Importer(815301076,1909f56bfc062723c751e8b465ee728b)
Start importing Assets/Art/Textures/InitButtons (1)/shape017_style02_color05.png using Guid(96f41aac5317e8f41a05dcddbb6a128b) Importer(815301076,1909f56bfc062723c751e8b465ee728b)  -> (artifact id: '877f4c0abafbc7d7c02ceb2d322c5e3e') in 0.007765 seconds
Number of updated asset objects reloaded before import = 0
Number of asset objects unloaded after import = 3
========================================================================
Received Import Request.
  Time since last request: 0.000015 seconds.
  path: Assets/Art/Textures/InitButtons/shape011_style01_color04.png
  artifactKey: Guid(8608fda7e219f604cb31ff0d136fd497) Importer(815301076,1909f56bfc062723c751e8b465ee728b)
Start importing Assets/Art/Textures/InitButtons/shape011_style01_color04.png using Guid(8608fda7e219f604cb31ff0d136fd497) Importer(815301076,1909f56bfc062723c751e8b465ee728b)  -> (artifact id: '848e1dbcffe28c79e143ce67b47457d2') in 0.007772 seconds
Number of updated asset objects reloaded before import = 0
Number of asset objects unloaded after import = 3
========================================================================
Received Import Request.
  Time since last request: 0.000018 seconds.
  path: Assets/Art/Textures/InitButtons (1)/shape072_style02_color03.png
  artifactKey: Guid(129afd8662b56ae49b2c12d8e59fe4a1) Importer(815301076,1909f56bfc062723c751e8b465ee728b)
Start importing Assets/Art/Textures/InitButtons (1)/shape072_style02_color03.png using Guid(129afd8662b56ae49b2c12d8e59fe4a1) Importer(815301076,1909f56bfc062723c751e8b465ee728b)  -> (artifact id: '0cdc66bbc2ef1d14d1009bbeb0a5b0e4') in 0.009003 seconds
Number of updated asset objects reloaded before import = 0
Number of asset objects unloaded after import = 3
========================================================================
Received Import Request.
  Time since last request: 0.000020 seconds.
  path: Assets/Art/Textures/InitButtons/shape097_style01_color04.png
  artifactKey: Guid(a5b1ff592b8d7034f8f2475248fa2f5e) Importer(815301076,1909f56bfc062723c751e8b465ee728b)
Start importing Assets/Art/Textures/InitButtons/shape097_style01_color04.png using Guid(a5b1ff592b8d7034f8f2475248fa2f5e) Importer(815301076,1909f56bfc062723c751e8b465ee728b)  -> (artifact id: '8fe1b92fa2c540a1325d376e44ae060e') in 0.007712 seconds
Number of updated asset objects reloaded before import = 0
Number of asset objects unloaded after import = 3
========================================================================
Received Import Request.
  Time since last request: 0.000014 seconds.
  path: Assets/Art/Textures/InitButtons (2)/shape029_style03_color09.png
  artifactKey: Guid(84c04f09cf5cd3a4b84ec8172556b02c) Importer(815301076,1909f56bfc062723c751e8b465ee728b)
Start importing Assets/Art/Textures/InitButtons (2)/shape029_style03_color09.png using Guid(84c04f09cf5cd3a4b84ec8172556b02c) Importer(815301076,1909f56bfc062723c751e8b465ee728b)  -> (artifact id: 'd7cf374bf00c9026e83b870c2ee1c9a2') in 0.008070 seconds
Number of updated asset objects reloaded before import = 0
Number of asset objects unloaded after import = 3
========================================================================
Received Import Request.
  Time since last request: 0.000019 seconds.
  path: Assets/Art/Textures/InitButtons/shape007_style01_color11.png
  artifactKey: Guid(cfeb4fa058231ae458c63893e8044ee8) Importer(815301076,1909f56bfc062723c751e8b465ee728b)
Start importing Assets/Art/Textures/InitButtons/shape007_style01_color11.png using Guid(cfeb4fa058231ae458c63893e8044ee8) Importer(815301076,1909f56bfc062723c751e8b465ee728b)  -> (artifact id: 'bddbe25916cc4bc0014f52061f817236') in 0.007943 seconds
Number of updated asset objects reloaded before import = 0
Number of asset objects unloaded after import = 3
========================================================================
Received Import Request.
  Time since last request: 0.000015 seconds.
  path: Assets/Art/Textures/InitButtons (1)/shape005_style02_color02.png
  artifactKey: Guid(6572bc8145270c74a9b35aa15f5c5e9e) Importer(815301076,1909f56bfc062723c751e8b465ee728b)
Start importing Assets/Art/Textures/InitButtons (1)/shape005_style02_color02.png using Guid(6572bc8145270c74a9b35aa15f5c5e9e) Importer(815301076,1909f56bfc062723c751e8b465ee728b)  -> (artifact id: 'b6053d12ae18fbef8dce65d701c72233') in 0.008065 seconds
Number of updated asset objects reloaded before import = 0
Number of asset objects unloaded after import = 3
========================================================================
Received Import Request.
  Time since last request: 0.000015 seconds.
  path: Assets/Art/Textures/InitButtons (1)/shape099_style02_color10.png
  artifactKey: Guid(9a9941c30ca27524ab2bae58d241fd0b) Importer(815301076,1909f56bfc062723c751e8b465ee728b)
Start importing Assets/Art/Textures/InitButtons (1)/shape099_style02_color10.png using Guid(9a9941c30ca27524ab2bae58d241fd0b) Importer(815301076,1909f56bfc062723c751e8b465ee728b)  -> (artifact id: '8535c5c95fce7e03baee2c14c2c5f518') in 0.007637 seconds
Number of updated asset objects reloaded before import = 0
Number of asset objects unloaded after import = 3
========================================================================
Received Import Request.
  Time since last request: 0.000014 seconds.
  path: Assets/Art/Textures/InitButtons (1)/shape025_style02_color09.png
  artifactKey: Guid(186c6f27485875744a003b47a7fcf2a0) Importer(815301076,1909f56bfc062723c751e8b465ee728b)
Start importing Assets/Art/Textures/InitButtons (1)/shape025_style02_color09.png using Guid(186c6f27485875744a003b47a7fcf2a0) Importer(815301076,1909f56bfc062723c751e8b465ee728b)  -> (artifact id: '3260b80156d399ac2ed71a03a82e17a8') in 0.007048 seconds
Number of updated asset objects reloaded before import = 0
Number of asset objects unloaded after import = 3
========================================================================
Received Import Request.
  Time since last request: 0.000015 seconds.
  path: Assets/Art/Textures/InitButtons/shape011_style01_color05.png
  artifactKey: Guid(6f2d3d0fb1c259a428ca01ea732138b4) Importer(815301076,1909f56bfc062723c751e8b465ee728b)
Start importing Assets/Art/Textures/InitButtons/shape011_style01_color05.png using Guid(6f2d3d0fb1c259a428ca01ea732138b4) Importer(815301076,1909f56bfc062723c751e8b465ee728b)  -> (artifact id: '159444cb331931a18f9b70a5eb652299') in 0.007374 seconds
Number of updated asset objects reloaded before import = 0
Number of asset objects unloaded after import = 3
========================================================================
Received Import Request.
  Time since last request: 0.000013 seconds.
  path: Assets/Art/Textures/InitButtons/shape034_style01_color03.png
  artifactKey: Guid(7f856b6b7dbaa0b48a5bd0d3568ffe27) Importer(815301076,1909f56bfc062723c751e8b465ee728b)
Start importing Assets/Art/Textures/InitButtons/shape034_style01_color03.png using Guid(7f856b6b7dbaa0b48a5bd0d3568ffe27) Importer(815301076,1909f56bfc062723c751e8b465ee728b)  -> (artifact id: '2b4c80b199fa7ca929b14e0dda0ea878') in 0.007050 seconds
Number of updated asset objects reloaded before import = 0
Number of asset objects unloaded after import = 3
========================================================================
Received Import Request.
  Time since last request: 0.000016 seconds.
  path: Assets/Art/Textures/InitButtons (1)/shape017_style02_color01.png
  artifactKey: Guid(82efd29e41af5454ea6159348285c538) Importer(815301076,1909f56bfc062723c751e8b465ee728b)
Start importing Assets/Art/Textures/InitButtons (1)/shape017_style02_color01.png using Guid(82efd29e41af5454ea6159348285c538) Importer(815301076,1909f56bfc062723c751e8b465ee728b)  -> (artifact id: '87abdd036d3373eebc11112275251921') in 0.007897 seconds
Number of updated asset objects reloaded before import = 0
Number of asset objects unloaded after import = 3
========================================================================
Received Import Request.
  Time since last request: 0.000013 seconds.
  path: Assets/Art/Textures/InitButtons/shape014_style01_color03.png
  artifactKey: Guid(20e83ab7e210ba1409b71f17c30b52a2) Importer(815301076,1909f56bfc062723c751e8b465ee728b)
Start importing Assets/Art/Textures/InitButtons/shape014_style01_color03.png using Guid(20e83ab7e210ba1409b71f17c30b52a2) Importer(815301076,1909f56bfc062723c751e8b465ee728b)  -> (artifact id: 'fc0df5ab4f19f9fb7cf5853a538e29e0') in 0.007797 seconds
Number of updated asset objects reloaded before import = 0
Number of asset objects unloaded after import = 3
========================================================================
Received Import Request.
  Time since last request: 0.000015 seconds.
  path: Assets/Art/Textures/InitButtons (1)/shape007_style02_color03.png
  artifactKey: Guid(4cccd9d6b4e19ed4a9bc440fa80dab6d) Importer(815301076,1909f56bfc062723c751e8b465ee728b)
Start importing Assets/Art/Textures/InitButtons (1)/shape007_style02_color03.png using Guid(4cccd9d6b4e19ed4a9bc440fa80dab6d) Importer(815301076,1909f56bfc062723c751e8b465ee728b)  -> (artifact id: '560895e0a5ecac19bfe760ce84b346ef') in 0.007750 seconds
Number of updated asset objects reloaded before import = 0
Number of asset objects unloaded after import = 3
========================================================================
Received Import Request.
  Time since last request: 0.000013 seconds.
  path: Assets/Art/Textures/InitButtons (1)/shape007_style02_color06.png
  artifactKey: Guid(98993a212e76c1f439646334980241d4) Importer(815301076,1909f56bfc062723c751e8b465ee728b)
Start importing Assets/Art/Textures/InitButtons (1)/shape007_style02_color06.png using Guid(98993a212e76c1f439646334980241d4) Importer(815301076,1909f56bfc062723c751e8b465ee728b)  -> (artifact id: '6411993b28cd6a7ccf891d0fa9c8d93d') in 0.007245 seconds
Number of updated asset objects reloaded before import = 0
Number of asset objects unloaded after import = 3
========================================================================
Received Import Request.
  Time since last request: 0.000017 seconds.
  path: Assets/Art/Textures/InitButtons (2)/shape020_style03_color03.png
  artifactKey: Guid(672ce609950ce2f4ca9d2023bdf2e29c) Importer(815301076,1909f56bfc062723c751e8b465ee728b)
Start importing Assets/Art/Textures/InitButtons (2)/shape020_style03_color03.png using Guid(672ce609950ce2f4ca9d2023bdf2e29c) Importer(815301076,1909f56bfc062723c751e8b465ee728b)  -> (artifact id: '9c14a35cbfaf590ab85aca35559b8fab') in 0.007920 seconds
Number of updated asset objects reloaded before import = 0
Number of asset objects unloaded after import = 3
========================================================================
Received Import Request.
  Time since last request: 0.000013 seconds.
  path: Assets/Art/Textures/InitButtons (2)/shape001_style03_color04.png
  artifactKey: Guid(e8bfa61ad7c535449a4ab006742c130f) Importer(815301076,1909f56bfc062723c751e8b465ee728b)
Start importing Assets/Art/Textures/InitButtons (2)/shape001_style03_color04.png using Guid(e8bfa61ad7c535449a4ab006742c130f) Importer(815301076,1909f56bfc062723c751e8b465ee728b)  -> (artifact id: '3c1f08fd69fb3a90d17f7e5794f67d20') in 0.007518 seconds
Number of updated asset objects reloaded before import = 0
Number of asset objects unloaded after import = 3
========================================================================
Received Import Request.
  Time since last request: 0.000014 seconds.
  path: Assets/Art/Textures/InitButtons/shape011_style01_color09.png
  artifactKey: Guid(00356a803ce5f194b9f8b6a6be9553fd) Importer(815301076,1909f56bfc062723c751e8b465ee728b)
Start importing Assets/Art/Textures/InitButtons/shape011_style01_color09.png using Guid(00356a803ce5f194b9f8b6a6be9553fd) Importer(815301076,1909f56bfc062723c751e8b465ee728b)  -> (artifact id: 'ed1623f5cb5c5f322fa113bb2747c7f6') in 0.008042 seconds
Number of updated asset objects reloaded before import = 0
Number of asset objects unloaded after import = 3
========================================================================
Received Import Request.
  Time since last request: 0.000018 seconds.
  path: Assets/Art/Textures/InitButtons (1)/shape099_style02_color07.png
  artifactKey: Guid(d22cdafb8065aeb4b985199f2a362f3e) Importer(815301076,1909f56bfc062723c751e8b465ee728b)
Start importing Assets/Art/Textures/InitButtons (1)/shape099_style02_color07.png using Guid(d22cdafb8065aeb4b985199f2a362f3e) Importer(815301076,1909f56bfc062723c751e8b465ee728b)  -> (artifact id: '895b66fccfee7ab02d3d92583c3a862b') in 0.007909 seconds
Number of updated asset objects reloaded before import = 0
Number of asset objects unloaded after import = 3
========================================================================
Received Import Request.
  Time since last request: 0.000015 seconds.
  path: Assets/Art/Textures/InitButtons (1)/shape017_style02_color02.png
  artifactKey: Guid(c0f6c4ddefb6bd545ac2c2ffbe6e6c74) Importer(815301076,1909f56bfc062723c751e8b465ee728b)
Start importing Assets/Art/Textures/InitButtons (1)/shape017_style02_color02.png using Guid(c0f6c4ddefb6bd545ac2c2ffbe6e6c74) Importer(815301076,1909f56bfc062723c751e8b465ee728b)  -> (artifact id: 'f011739d5963250c11717ca0481e264b') in 0.006912 seconds
Number of updated asset objects reloaded before import = 0
Number of asset objects unloaded after import = 3
========================================================================
Received Import Request.
  Time since last request: 0.000017 seconds.
  path: Assets/Art/Textures/InitButtons (2)/shape029_style03_color02.png
  artifactKey: Guid(e87c12aa3d5312c49a519bc29b465a50) Importer(815301076,1909f56bfc062723c751e8b465ee728b)
Start importing Assets/Art/Textures/InitButtons (2)/shape029_style03_color02.png using Guid(e87c12aa3d5312c49a519bc29b465a50) Importer(815301076,1909f56bfc062723c751e8b465ee728b)  -> (artifact id: 'b91c216a022728d84fb54e517ce1f71d') in 0.008024 seconds
Number of updated asset objects reloaded before import = 0
Number of asset objects unloaded after import = 3
========================================================================
Received Import Request.
  Time since last request: 0.000023 seconds.
  path: Assets/Art/Textures/InitButtons/shape011_style01_color12.png
  artifactKey: Guid(47ca1aae1b67e65419392d4dc0e144ab) Importer(815301076,1909f56bfc062723c751e8b465ee728b)
Start importing Assets/Art/Textures/InitButtons/shape011_style01_color12.png using Guid(47ca1aae1b67e65419392d4dc0e144ab) Importer(815301076,1909f56bfc062723c751e8b465ee728b)  -> (artifact id: '8a05661f0a35b21e962d78d90a1da2db') in 0.007684 seconds
Number of updated asset objects reloaded before import = 0
Number of asset objects unloaded after import = 3
========================================================================
Received Import Request.
  Time since last request: 0.000014 seconds.
  path: Assets/Art/Textures/InitButtons/shape086_style01_color06.png
  artifactKey: Guid(410a39e0a5608f247a505c911db1d395) Importer(815301076,1909f56bfc062723c751e8b465ee728b)
Start importing Assets/Art/Textures/InitButtons/shape086_style01_color06.png using Guid(410a39e0a5608f247a505c911db1d395) Importer(815301076,1909f56bfc062723c751e8b465ee728b)  -> (artifact id: 'f6d670ba22f1eda9ca2cef2964c71751') in 0.006948 seconds
Number of updated asset objects reloaded before import = 0
Number of asset objects unloaded after import = 3
========================================================================
Received Import Request.
  Time since last request: 0.000015 seconds.
  path: Assets/Art/Textures/InitButtons/shape011_style01_color08.png
  artifactKey: Guid(f6225244deff3694eb5ff6a34082db5f) Importer(815301076,1909f56bfc062723c751e8b465ee728b)
Start importing Assets/Art/Textures/InitButtons/shape011_style01_color08.png using Guid(f6225244deff3694eb5ff6a34082db5f) Importer(815301076,1909f56bfc062723c751e8b465ee728b)  -> (artifact id: 'a61521f4712474d6cd44a1fc96664d51') in 0.007513 seconds
Number of updated asset objects reloaded before import = 0
Number of asset objects unloaded after import = 3
========================================================================
Received Import Request.
  Time since last request: 0.000014 seconds.
  path: Assets/Art/Textures/InitButtons/shape014_style01_color05.png
  artifactKey: Guid(fd1f80f55c329f34bae643b966dba66c) Importer(815301076,1909f56bfc062723c751e8b465ee728b)
Start importing Assets/Art/Textures/InitButtons/shape014_style01_color05.png using Guid(fd1f80f55c329f34bae643b966dba66c) Importer(815301076,1909f56bfc062723c751e8b465ee728b)  -> (artifact id: '96de0282b4c257035b8cf29f91d11cbb') in 0.006950 seconds
Number of updated asset objects reloaded before import = 0
Number of asset objects unloaded after import = 3
========================================================================
Received Import Request.
  Time since last request: 0.000015 seconds.
  path: Assets/Art/Textures/InitButtons (2)/shape020_style03_color02.png
  artifactKey: Guid(9750e23ffcaf964469f1d70e656d4475) Importer(815301076,1909f56bfc062723c751e8b465ee728b)
Start importing Assets/Art/Textures/InitButtons (2)/shape020_style03_color02.png using Guid(9750e23ffcaf964469f1d70e656d4475) Importer(815301076,1909f56bfc062723c751e8b465ee728b)  -> (artifact id: 'c504eceaef8e9806690a4b54253d9453') in 0.008391 seconds
Number of updated asset objects reloaded before import = 0
Number of asset objects unloaded after import = 3
========================================================================
Received Import Request.
  Time since last request: 0.000015 seconds.
  path: Assets/Art/Textures/InitButtons (2)/shape029_style03_color08.png
  artifactKey: Guid(ec98686247fd6c24b8b405202d1219e9) Importer(815301076,1909f56bfc062723c751e8b465ee728b)
Start importing Assets/Art/Textures/InitButtons (2)/shape029_style03_color08.png using Guid(ec98686247fd6c24b8b405202d1219e9) Importer(815301076,1909f56bfc062723c751e8b465ee728b)  -> (artifact id: 'eaa1f7f7eff3370c6946e53c27eb5112') in 0.007160 seconds
Number of updated asset objects reloaded before import = 0
Number of asset objects unloaded after import = 3
========================================================================
Received Import Request.
  Time since last request: 0.000014 seconds.
  path: Assets/Art/Textures/InitButtons/shape009_style01_color12.png
  artifactKey: Guid(5517a96c9a7e76c45a5937845f35a18f) Importer(815301076,1909f56bfc062723c751e8b465ee728b)
Start importing Assets/Art/Textures/InitButtons/shape009_style01_color12.png using Guid(5517a96c9a7e76c45a5937845f35a18f) Importer(815301076,1909f56bfc062723c751e8b465ee728b)  -> (artifact id: 'f23b02a19ceb0ed3d4421d48fc1a4e09') in 0.006664 seconds
Number of updated asset objects reloaded before import = 0
Number of asset objects unloaded after import = 3
========================================================================
Received Import Request.
  Time since last request: 0.000015 seconds.
  path: Assets/Art/Textures/InitButtons/shape011_style01_color11.png
  artifactKey: Guid(d1f2eaa0bbfadb341812fb441031c21b) Importer(815301076,1909f56bfc062723c751e8b465ee728b)
Start importing Assets/Art/Textures/InitButtons/shape011_style01_color11.png using Guid(d1f2eaa0bbfadb341812fb441031c21b) Importer(815301076,1909f56bfc062723c751e8b465ee728b)  -> (artifact id: 'da51ebed053f0324a5b6371dc11f05b4') in 0.007946 seconds
Number of updated asset objects reloaded before import = 0
Number of asset objects unloaded after import = 3
========================================================================
Received Import Request.
  Time since last request: 0.000013 seconds.
  path: Assets/Art/Textures/InitButtons (1)/shape025_style02_color11.png
  artifactKey: Guid(ea89a53ac80a10a46b159a860d275d55) Importer(815301076,1909f56bfc062723c751e8b465ee728b)
Start importing Assets/Art/Textures/InitButtons (1)/shape025_style02_color11.png using Guid(ea89a53ac80a10a46b159a860d275d55) Importer(815301076,1909f56bfc062723c751e8b465ee728b)  -> (artifact id: 'e314e9aaf98b51028e99544ad4bcdb36') in 0.007282 seconds
Number of updated asset objects reloaded before import = 0
Number of asset objects unloaded after import = 3
Editor requested this worker to shutdown with reason: Scaling down because of idle timeout
TcpMessagingSession - receive error: operation aborted. errorcode: 995, details: The I/O operation has been aborted because of either a thread exit or an application request.
AssetImportWorker is now disconnected from the server
Process exiting
Exiting without the bug reporter. Application will terminate with return code 0