Using pre-set license
Built from '2022.3/staging' branch; Version is '2022.3.2f1 (d74737c6db50) revision 14108471'; Using compiler version '192829333'; Build Type 'Release'
OS: 'Windows 11  (10.0.22621) 64bit Professional' Language: 'en' Physical Memory: 32636 MB
BatchMode: 1, IsHumanControllingUs: 0, StartBugReporterOnCrash: 0, Is64bit: 1, IsPro: 1

COMMAND LINE ARGUMENTS:
C:\Program Files\Unity\Hub\Editor\2022.3.2f1\Editor\Unity.exe
-adb2
-batchMode
-noUpm
-name
AssetImportWorker2
-projectPath
C:/Users/aleja/Unity/game-source
-logFile
Logs/AssetImportWorker2.log
-srvPort
50332
Successfully changed project path to: C:/Users/aleja/Unity/game-source
C:/Users/aleja/Unity/game-source
[UnityMemory] Configuration Parameters - Can be set up in boot.config
    "memorysetup-bucket-allocator-granularity=16"
    "memorysetup-bucket-allocator-bucket-count=8"
    "memorysetup-bucket-allocator-block-size=33554432"
    "memorysetup-bucket-allocator-block-count=8"
    "memorysetup-main-allocator-block-size=16777216"
    "memorysetup-thread-allocator-block-size=16777216"
    "memorysetup-gfx-main-allocator-block-size=16777216"
    "memorysetup-gfx-thread-allocator-block-size=16777216"
    "memorysetup-cache-allocator-block-size=4194304"
    "memorysetup-typetree-allocator-block-size=2097152"
    "memorysetup-profiler-bucket-allocator-granularity=16"
    "memorysetup-profiler-bucket-allocator-bucket-count=8"
    "memorysetup-profiler-bucket-allocator-block-size=33554432"
    "memorysetup-profiler-bucket-allocator-block-count=8"
    "memorysetup-profiler-allocator-block-size=16777216"
    "memorysetup-profiler-editor-allocator-block-size=1048576"
    "memorysetup-temp-allocator-size-main=16777216"
    "memorysetup-job-temp-allocator-block-size=2097152"
    "memorysetup-job-temp-allocator-block-size-background=1048576"
    "memorysetup-job-temp-allocator-reduction-small-platforms=262144"
    "memorysetup-allocator-temp-initial-block-size-main=262144"
    "memorysetup-allocator-temp-initial-block-size-worker=262144"
    "memorysetup-temp-allocator-size-background-worker=32768"
    "memorysetup-temp-allocator-size-job-worker=262144"
    "memorysetup-temp-allocator-size-preload-manager=33554432"
    "memorysetup-temp-allocator-size-nav-mesh-worker=65536"
    "memorysetup-temp-allocator-size-audio-worker=65536"
    "memorysetup-temp-allocator-size-cloud-worker=32768"
    "memorysetup-temp-allocator-size-gi-baking-worker=262144"
    "memorysetup-temp-allocator-size-gfx=262144"
Player connection [16484] Host "[IP] 192.168.0.180 [Port] 0 [Flags] 2 [Guid] 3428821938 [EditorId] 3428821938 [Version] 1048832 [Id] WindowsEditor(7,CALYPSO) [Debug] 1 [PackageName] WindowsEditor [ProjectName] Editor" joined multi-casting on [225.0.0.222:54997]...

Player connection [16484] Host "[IP] 192.168.0.180 [Port] 0 [Flags] 2 [Guid] 3428821938 [EditorId] 3428821938 [Version] 1048832 [Id] WindowsEditor(7,CALYPSO) [Debug] 1 [PackageName] WindowsEditor [ProjectName] Editor" joined alternative multi-casting on [225.0.0.222:34997]...

Refreshing native plugins compatible for Editor in 8.49 ms, found 3 plugins.
Preloading 0 native plugins for Editor in 0.00 ms.
Initialize engine version: 2022.3.2f1 (d74737c6db50)
[Subsystems] Discovering subsystems at path C:/Program Files/Unity/Hub/Editor/2022.3.2f1/Editor/Data/Resources/UnitySubsystems
[Subsystems] Discovering subsystems at path C:/Users/aleja/Unity/game-source/Assets
GfxDevice: creating device client; threaded=0; jobified=0
Direct3D:
    Version:  Direct3D 11.0 [level 11.1]
    Renderer: NVIDIA GeForce RTX 3080 (ID=0x2206)
    Vendor:   NVIDIA
    VRAM:     10067 MB
    Driver:   31.0.15.4601
Initialize mono
Mono path[0] = 'C:/Program Files/Unity/Hub/Editor/2022.3.2f1/Editor/Data/Managed'
Mono path[1] = 'C:/Program Files/Unity/Hub/Editor/2022.3.2f1/Editor/Data/MonoBleedingEdge/lib/mono/unityjit-win32'
Mono config path = 'C:/Program Files/Unity/Hub/Editor/2022.3.2f1/Editor/Data/MonoBleedingEdge/etc'
Using monoOptions --debugger-agent=transport=dt_socket,embedding=1,server=y,suspend=n,address=127.0.0.1:56732
Begin MonoManager ReloadAssembly
Registering precompiled unity dll's ...
Register platform support module: C:/Program Files/Unity/Hub/Editor/2022.3.2f1/Editor/Data/PlaybackEngines/WebGLSupport/UnityEditor.WebGL.Extensions.dll
Register platform support module: C:/Program Files/Unity/Hub/Editor/2022.3.2f1/Editor/Data/PlaybackEngines/AndroidPlayer/UnityEditor.Android.Extensions.dll
Register platform support module: C:/Program Files/Unity/Hub/Editor/2022.3.2f1/Editor/Data/PlaybackEngines/WindowsStandaloneSupport/UnityEditor.WindowsStandalone.Extensions.dll
Register platform support module: C:/Program Files/Unity/Hub/Editor/2022.3.2f1/Editor/Data/PlaybackEngines/MetroSupport/UnityEditor.UWP.Extensions.dll
Registered in 0.011305 seconds.
- Loaded All Assemblies, in  0.328 seconds
Native extension for UWP target not found
Native extension for WindowsStandalone target not found
Native extension for Android target not found
Android Extension - Scanning For ADB Devices 225 ms
Native extension for WebGL target not found
Mono: successfully reloaded assembly
- Finished resetting the current domain, in  0.486 seconds
Domain Reload Profiling: 812ms
	BeginReloadAssembly (91ms)
		ExecutionOrderSort (0ms)
		DisableScriptedObjects (0ms)
		BackupInstance (0ms)
		ReleaseScriptingObjects (0ms)
		CreateAndSetChildDomain (1ms)
	RebuildCommonClasses (35ms)
	RebuildNativeTypeToScriptingClass (9ms)
	initialDomainReloadingComplete (64ms)
	LoadAllAssembliesAndSetupDomain (127ms)
		LoadAssemblies (89ms)
		RebuildTransferFunctionScriptingTraits (0ms)
		AnalyzeDomain (119ms)
			TypeCache.Refresh (119ms)
				TypeCache.ScanAssembly (109ms)
			ScanForSourceGeneratedMonoScriptInfo (0ms)
			ResolveRequiredComponents (0ms)
	FinalizeReload (486ms)
		ReleaseScriptCaches (0ms)
		RebuildScriptCaches (0ms)
		SetupLoadedEditorAssemblies (442ms)
			LogAssemblyErrors (0ms)
			InitializePlatformSupportModulesInManaged (326ms)
			SetLoadedEditorAssemblies (3ms)
			RefreshPlugins (0ms)
			BeforeProcessingInitializeOnLoad (2ms)
			ProcessInitializeOnLoadAttributes (75ms)
			ProcessInitializeOnLoadMethodAttributes (36ms)
			AfterProcessingInitializeOnLoad (0ms)
			EditorAssembliesLoaded (0ms)
		ExecutionOrderSort2 (0ms)
		AwakeInstancesAfterBackupRestoration (0ms)
========================================================================
Worker process is ready to serve import requests
Begin MonoManager ReloadAssembly
- Loaded All Assemblies, in  0.574 seconds
Refreshing native plugins compatible for Editor in 2.99 ms, found 3 plugins.
Native extension for UWP target not found
Native extension for WindowsStandalone target not found
Native extension for Android target not found
Native extension for WebGL target not found
Package Manager log level set to [2]
[Package Manager] Server::EnsureServerProcessIsRunning -- launch failed, reason: Unity was launched with the -noUpm command-line argument
[Package Manager] UpmClient::Send -- Unable to send message (not connected to UPM process).
[Package Manager] Cannot connect to Unity Package Manager local server
Mono: successfully reloaded assembly
- Finished resetting the current domain, in  0.491 seconds
Domain Reload Profiling: 1063ms
	BeginReloadAssembly (101ms)
		ExecutionOrderSort (0ms)
		DisableScriptedObjects (4ms)
		BackupInstance (0ms)
		ReleaseScriptingObjects (0ms)
		CreateAndSetChildDomain (18ms)
	RebuildCommonClasses (25ms)
	RebuildNativeTypeToScriptingClass (8ms)
	initialDomainReloadingComplete (35ms)
	LoadAllAssembliesAndSetupDomain (403ms)
		LoadAssemblies (212ms)
		RebuildTransferFunctionScriptingTraits (0ms)
		AnalyzeDomain (237ms)
			TypeCache.Refresh (222ms)
				TypeCache.ScanAssembly (210ms)
			ScanForSourceGeneratedMonoScriptInfo (12ms)
			ResolveRequiredComponents (3ms)
	FinalizeReload (492ms)
		ReleaseScriptCaches (0ms)
		RebuildScriptCaches (0ms)
		SetupLoadedEditorAssemblies (364ms)
			LogAssemblyErrors (0ms)
			InitializePlatformSupportModulesInManaged (22ms)
			SetLoadedEditorAssemblies (4ms)
			RefreshPlugins (0ms)
			BeforeProcessingInitializeOnLoad (52ms)
			ProcessInitializeOnLoadAttributes (263ms)
			ProcessInitializeOnLoadMethodAttributes (17ms)
			AfterProcessingInitializeOnLoad (6ms)
			EditorAssembliesLoaded (0ms)
		ExecutionOrderSort2 (0ms)
		AwakeInstancesAfterBackupRestoration (5ms)
Launched and connected shader compiler UnityShaderCompiler.exe after 0.03 seconds
Refreshing native plugins compatible for Editor in 2.66 ms, found 3 plugins.
Preloading 0 native plugins for Editor in 0.00 ms.
Unloading 3552 Unused Serialized files (Serialized files now loaded: 0)
Unloading 40 unused Assets / (57.2 KB). Loaded Objects now: 4029.
Memory consumption went from 139.1 MB to 139.1 MB.
Total: 2.926300 ms (FindLiveObjects: 0.257400 ms CreateObjectMapping: 0.130700 ms MarkObjects: 2.443400 ms  DeleteObjects: 0.093900 ms)

AssetImportParameters requested are different than current active one (requested -> active):
  custom:container-demuxer-ogg: 62fdf1f143b41e24485cea50d1cbac27 -> 
  custom:video-codec-MediaFoundation-h265: 746d11721c4dcdbdad8f713fa42b33f4 -> 
  custom:video-decoder-ogg-theora: a1e56fd34408186e4bbccfd4996cb3dc -> 
  custom:framework-win-MediaFoundation: 216162199b28c13a410421893ffa2e32 -> 
  custom:container-demuxer-webm: 4f35f7cbe854078d1ac9338744f61a02 -> 
  custom:container-muxer-webm: aa71ff27fc2769a1b78a27578f13a17b -> 
  custom:video-decoder-webm-vp8: 9c59270c3fd7afecdb556c50c9e8de78 -> 
  custom:AudioImporter_EditorPlatform: d09bf68614088b80899f8185d706f6e7 -> 
  custom:video-encoder-webm-vp8: eb34c28f22e8b96e1ab97ce403110664 -> 
  custom:audio-decoder-ogg-vorbis: bf7c407c2cedff20999df2af8eb42d56 -> 
  custom:audio-encoder-webm-vorbis: bf7c407c2cedff20999df2af8eb42d56 -> 
  custom:scripting/monoscript/fileName/MenuController.cs: 74708584f0cd1c350bbe5f4640cf905a -> f98156acb6c9b62b4aff1540a104a198
========================================================================
Received Import Request.
  Time since last request: 9356.155595 seconds.
  path: Assets/Levels/Testing.unity
  artifactKey: Guid(c23382718fda8ac4eb72d68a3cbe6346) Importer(815301076,1909f56bfc062723c751e8b465ee728b)
Start importing Assets/Levels/Testing.unity using Guid(c23382718fda8ac4eb72d68a3cbe6346) Importer(815301076,1909f56bfc062723c751e8b465ee728b)  -> (artifact id: '2b6251fae5c35a6bbc4a32ad3438a806') in 0.002418 seconds
Number of updated asset objects reloaded before import = 0
Number of asset objects unloaded after import = 0
========================================================================
Received Import Request.
  Time since last request: 9.643942 seconds.
  path: Assets/Levels/Menu.unity
  artifactKey: Guid(1aeabe27159cbbb46a012f8bed505f67) Importer(815301076,1909f56bfc062723c751e8b465ee728b)
Start importing Assets/Levels/Menu.unity using Guid(1aeabe27159cbbb46a012f8bed505f67) Importer(815301076,1909f56bfc062723c751e8b465ee728b)  -> (artifact id: '3c69cb9c038dbddcabee87b12c1087c7') in 0.000426 seconds
Number of updated asset objects reloaded before import = 0
Number of asset objects unloaded after import = 0
========================================================================
Received Import Request.
  Time since last request: 9.798473 seconds.
  path: Assets/Levels/Prefs.unity
  artifactKey: Guid(69160dfbc3e10454fac39b45a5c98850) Importer(815301076,1909f56bfc062723c751e8b465ee728b)
Start importing Assets/Levels/Prefs.unity using Guid(69160dfbc3e10454fac39b45a5c98850) Importer(815301076,1909f56bfc062723c751e8b465ee728b)  -> (artifact id: '18801fba177689ba213d95639448aab0') in 0.000541 seconds
Number of updated asset objects reloaded before import = 0
Number of asset objects unloaded after import = 0
========================================================================
Received Import Request.
  Time since last request: 94.767815 seconds.
  path: Assets/Levels/Menu.unity
  artifactKey: Guid(1aeabe27159cbbb46a012f8bed505f67) Importer(815301076,1909f56bfc062723c751e8b465ee728b)
Start importing Assets/Levels/Menu.unity using Guid(1aeabe27159cbbb46a012f8bed505f67) Importer(815301076,1909f56bfc062723c751e8b465ee728b)  -> (artifact id: '951b62d89bcaae7d3dd6c63e15b49037') in 0.000439 seconds
Number of updated asset objects reloaded before import = 0
Number of asset objects unloaded after import = 0
========================================================================
Received Import Request.
  Time since last request: 491.018968 seconds.
  path: Assets/Src/Framework/MenuManager.cs
  artifactKey: Guid(1d2c2560e721fae43b7d16799ebdd1dd) Importer(815301076,1909f56bfc062723c751e8b465ee728b)
Start importing Assets/Src/Framework/MenuManager.cs using Guid(1d2c2560e721fae43b7d16799ebdd1dd) Importer(815301076,1909f56bfc062723c751e8b465ee728b)  -> (artifact id: 'f2836fec2cb3416afa5e6f085222b23a') in 0.001656 seconds
Number of updated asset objects reloaded before import = 0
Number of asset objects unloaded after import = 0
========================================================================
Received Prepare
Begin MonoManager ReloadAssembly
- Loaded All Assemblies, in  0.595 seconds
Refreshing native plugins compatible for Editor in 3.17 ms, found 3 plugins.
Native extension for UWP target not found
Native extension for WindowsStandalone target not found
Native extension for Android target not found
Native extension for WebGL target not found
[Package Manager] Server::EnsureServerProcessIsRunning -- launch failed, reason: Unity was launched with the -noUpm command-line argument
[Package Manager] UpmClient::Send -- Unable to send message (not connected to UPM process).
[Package Manager] Cannot connect to Unity Package Manager local server
Mono: successfully reloaded assembly
- Finished resetting the current domain, in  0.819 seconds
Domain Reload Profiling: 1411ms
	BeginReloadAssembly (120ms)
		ExecutionOrderSort (0ms)
		DisableScriptedObjects (4ms)
		BackupInstance (0ms)
		ReleaseScriptingObjects (0ms)
		CreateAndSetChildDomain (31ms)
	RebuildCommonClasses (27ms)
	RebuildNativeTypeToScriptingClass (12ms)
	initialDomainReloadingComplete (32ms)
	LoadAllAssembliesAndSetupDomain (401ms)
		LoadAssemblies (218ms)
		RebuildTransferFunctionScriptingTraits (0ms)
		AnalyzeDomain (232ms)
			TypeCache.Refresh (226ms)
				TypeCache.ScanAssembly (215ms)
			ScanForSourceGeneratedMonoScriptInfo (3ms)
			ResolveRequiredComponents (3ms)
	FinalizeReload (819ms)
		ReleaseScriptCaches (0ms)
		RebuildScriptCaches (0ms)
		SetupLoadedEditorAssemblies (366ms)
			LogAssemblyErrors (0ms)
			InitializePlatformSupportModulesInManaged (25ms)
			SetLoadedEditorAssemblies (5ms)
			RefreshPlugins (0ms)
			BeforeProcessingInitializeOnLoad (64ms)
			ProcessInitializeOnLoadAttributes (250ms)
			ProcessInitializeOnLoadMethodAttributes (14ms)
			AfterProcessingInitializeOnLoad (7ms)
			EditorAssembliesLoaded (0ms)
		ExecutionOrderSort2 (0ms)
		AwakeInstancesAfterBackupRestoration (7ms)
Refreshing native plugins compatible for Editor in 3.19 ms, found 3 plugins.
Preloading 0 native plugins for Editor in 0.00 ms.
Unloading 3528 Unused Serialized files (Serialized files now loaded: 0)
Unloading 25 unused Assets / (31.1 KB). Loaded Objects now: 4033.
Memory consumption went from 133.2 MB to 133.1 MB.
Total: 3.379900 ms (FindLiveObjects: 0.248300 ms CreateObjectMapping: 0.174700 ms MarkObjects: 2.893600 ms  DeleteObjects: 0.062500 ms)

Prepare: number of updated asset objects reloaded= 0
AssetImportParameters requested are different than current active one (requested -> active):
  custom:container-demuxer-ogg: 62fdf1f143b41e24485cea50d1cbac27 -> 
  custom:video-codec-MediaFoundation-h265: 746d11721c4dcdbdad8f713fa42b33f4 -> 
  custom:video-decoder-ogg-theora: a1e56fd34408186e4bbccfd4996cb3dc -> 
  custom:framework-win-MediaFoundation: 216162199b28c13a410421893ffa2e32 -> 
  custom:container-demuxer-webm: 4f35f7cbe854078d1ac9338744f61a02 -> 
  custom:container-muxer-webm: aa71ff27fc2769a1b78a27578f13a17b -> 
  custom:video-decoder-webm-vp8: 9c59270c3fd7afecdb556c50c9e8de78 -> 
  custom:AudioImporter_EditorPlatform: d09bf68614088b80899f8185d706f6e7 -> 
  custom:video-encoder-webm-vp8: eb34c28f22e8b96e1ab97ce403110664 -> 
  custom:audio-decoder-ogg-vorbis: bf7c407c2cedff20999df2af8eb42d56 -> 
  custom:audio-encoder-webm-vorbis: bf7c407c2cedff20999df2af8eb42d56 -> 
  custom:scripting/monoscript/fileName/MenuController.cs: 74708584f0cd1c350bbe5f4640cf905a -> f98156acb6c9b62b4aff1540a104a198
========================================================================
Received Import Request.
  Time since last request: 6.298235 seconds.
  path: Assets/Src/Framework/MenuManager.cs
  artifactKey: Guid(1d2c2560e721fae43b7d16799ebdd1dd) Importer(815301076,1909f56bfc062723c751e8b465ee728b)
Start importing Assets/Src/Framework/MenuManager.cs using Guid(1d2c2560e721fae43b7d16799ebdd1dd) Importer(815301076,1909f56bfc062723c751e8b465ee728b)  -> (artifact id: 'f300fb4edd510b3f6382479392af28d5') in 0.002889 seconds
Number of updated asset objects reloaded before import = 0
Number of asset objects unloaded after import = 0
========================================================================
Received Prepare
Begin MonoManager ReloadAssembly
- Loaded All Assemblies, in  0.610 seconds
Refreshing native plugins compatible for Editor in 2.91 ms, found 3 plugins.
Native extension for UWP target not found
Native extension for WindowsStandalone target not found
Native extension for Android target not found
Native extension for WebGL target not found
[Package Manager] Server::EnsureServerProcessIsRunning -- launch failed, reason: Unity was launched with the -noUpm command-line argument
[Package Manager] UpmClient::Send -- Unable to send message (not connected to UPM process).
[Package Manager] Cannot connect to Unity Package Manager local server
Mono: successfully reloaded assembly
- Finished resetting the current domain, in  0.731 seconds
Domain Reload Profiling: 1339ms
	BeginReloadAssembly (120ms)
		ExecutionOrderSort (0ms)
		DisableScriptedObjects (5ms)
		BackupInstance (0ms)
		ReleaseScriptingObjects (0ms)
		CreateAndSetChildDomain (32ms)
	RebuildCommonClasses (28ms)
	RebuildNativeTypeToScriptingClass (9ms)
	initialDomainReloadingComplete (38ms)
	LoadAllAssembliesAndSetupDomain (413ms)
		LoadAssemblies (228ms)
		RebuildTransferFunctionScriptingTraits (0ms)
		AnalyzeDomain (234ms)
			TypeCache.Refresh (227ms)
				TypeCache.ScanAssembly (218ms)
			ScanForSourceGeneratedMonoScriptInfo (3ms)
			ResolveRequiredComponents (4ms)
	FinalizeReload (732ms)
		ReleaseScriptCaches (0ms)
		RebuildScriptCaches (0ms)
		SetupLoadedEditorAssemblies (330ms)
			LogAssemblyErrors (0ms)
			InitializePlatformSupportModulesInManaged (22ms)
			SetLoadedEditorAssemblies (4ms)
			RefreshPlugins (0ms)
			BeforeProcessingInitializeOnLoad (53ms)
			ProcessInitializeOnLoadAttributes (231ms)
			ProcessInitializeOnLoadMethodAttributes (14ms)
			AfterProcessingInitializeOnLoad (6ms)
			EditorAssembliesLoaded (0ms)
		ExecutionOrderSort2 (0ms)
		AwakeInstancesAfterBackupRestoration (5ms)
Refreshing native plugins compatible for Editor in 2.79 ms, found 3 plugins.
Preloading 0 native plugins for Editor in 0.00 ms.
Unloading 3528 Unused Serialized files (Serialized files now loaded: 0)
Unloading 25 unused Assets / (31.3 KB). Loaded Objects now: 4036.
Memory consumption went from 133.2 MB to 133.1 MB.
Total: 2.629600 ms (FindLiveObjects: 0.200500 ms CreateObjectMapping: 0.142100 ms MarkObjects: 2.245100 ms  DeleteObjects: 0.041200 ms)

Prepare: number of updated asset objects reloaded= 0
AssetImportParameters requested are different than current active one (requested -> active):
  custom:container-demuxer-ogg: 62fdf1f143b41e24485cea50d1cbac27 -> 
  custom:video-codec-MediaFoundation-h265: 746d11721c4dcdbdad8f713fa42b33f4 -> 
  custom:video-decoder-ogg-theora: a1e56fd34408186e4bbccfd4996cb3dc -> 
  custom:framework-win-MediaFoundation: 216162199b28c13a410421893ffa2e32 -> 
  custom:container-demuxer-webm: 4f35f7cbe854078d1ac9338744f61a02 -> 
  custom:container-muxer-webm: aa71ff27fc2769a1b78a27578f13a17b -> 
  custom:video-decoder-webm-vp8: 9c59270c3fd7afecdb556c50c9e8de78 -> 
  custom:AudioImporter_EditorPlatform: d09bf68614088b80899f8185d706f6e7 -> 
  custom:video-encoder-webm-vp8: eb34c28f22e8b96e1ab97ce403110664 -> 
  custom:audio-decoder-ogg-vorbis: bf7c407c2cedff20999df2af8eb42d56 -> 
  custom:audio-encoder-webm-vorbis: bf7c407c2cedff20999df2af8eb42d56 -> 
  custom:scripting/monoscript/fileName/MenuController.cs: 74708584f0cd1c350bbe5f4640cf905a -> f98156acb6c9b62b4aff1540a104a198
========================================================================
Received Prepare
Begin MonoManager ReloadAssembly
- Loaded All Assemblies, in  0.594 seconds
Refreshing native plugins compatible for Editor in 2.93 ms, found 3 plugins.
Native extension for UWP target not found
Native extension for WindowsStandalone target not found
Native extension for Android target not found
Native extension for WebGL target not found
[Package Manager] Server::EnsureServerProcessIsRunning -- launch failed, reason: Unity was launched with the -noUpm command-line argument
[Package Manager] UpmClient::Send -- Unable to send message (not connected to UPM process).
[Package Manager] Cannot connect to Unity Package Manager local server
Mono: successfully reloaded assembly
- Finished resetting the current domain, in  0.737 seconds
Domain Reload Profiling: 1329ms
	BeginReloadAssembly (120ms)
		ExecutionOrderSort (0ms)
		DisableScriptedObjects (5ms)
		BackupInstance (0ms)
		ReleaseScriptingObjects (0ms)
		CreateAndSetChildDomain (31ms)
	RebuildCommonClasses (26ms)
	RebuildNativeTypeToScriptingClass (8ms)
	initialDomainReloadingComplete (25ms)
	LoadAllAssembliesAndSetupDomain (412ms)
		LoadAssemblies (235ms)
		RebuildTransferFunctionScriptingTraits (0ms)
		AnalyzeDomain (227ms)
			TypeCache.Refresh (221ms)
				TypeCache.ScanAssembly (210ms)
			ScanForSourceGeneratedMonoScriptInfo (3ms)
			ResolveRequiredComponents (3ms)
	FinalizeReload (737ms)
		ReleaseScriptCaches (0ms)
		RebuildScriptCaches (0ms)
		SetupLoadedEditorAssemblies (337ms)
			LogAssemblyErrors (0ms)
			InitializePlatformSupportModulesInManaged (22ms)
			SetLoadedEditorAssemblies (4ms)
			RefreshPlugins (0ms)
			BeforeProcessingInitializeOnLoad (53ms)
			ProcessInitializeOnLoadAttributes (238ms)
			ProcessInitializeOnLoadMethodAttributes (14ms)
			AfterProcessingInitializeOnLoad (6ms)
			EditorAssembliesLoaded (0ms)
		ExecutionOrderSort2 (0ms)
		AwakeInstancesAfterBackupRestoration (5ms)
Refreshing native plugins compatible for Editor in 3.36 ms, found 3 plugins.
Preloading 0 native plugins for Editor in 0.00 ms.
Unloading 3529 Unused Serialized files (Serialized files now loaded: 0)
Unloading 25 unused Assets / (31.3 KB). Loaded Objects now: 4039.
Memory consumption went from 133.4 MB to 133.4 MB.
Total: 3.057600 ms (FindLiveObjects: 0.235100 ms CreateObjectMapping: 0.247700 ms MarkObjects: 2.531300 ms  DeleteObjects: 0.042700 ms)

Prepare: number of updated asset objects reloaded= 0
AssetImportParameters requested are different than current active one (requested -> active):
  custom:container-demuxer-ogg: 62fdf1f143b41e24485cea50d1cbac27 -> 
  custom:video-codec-MediaFoundation-h265: 746d11721c4dcdbdad8f713fa42b33f4 -> 
  custom:video-decoder-ogg-theora: a1e56fd34408186e4bbccfd4996cb3dc -> 
  custom:framework-win-MediaFoundation: 216162199b28c13a410421893ffa2e32 -> 
  custom:container-demuxer-webm: 4f35f7cbe854078d1ac9338744f61a02 -> 
  custom:container-muxer-webm: aa71ff27fc2769a1b78a27578f13a17b -> 
  custom:video-decoder-webm-vp8: 9c59270c3fd7afecdb556c50c9e8de78 -> 
  custom:AudioImporter_EditorPlatform: d09bf68614088b80899f8185d706f6e7 -> 
  custom:video-encoder-webm-vp8: eb34c28f22e8b96e1ab97ce403110664 -> 
  custom:audio-decoder-ogg-vorbis: bf7c407c2cedff20999df2af8eb42d56 -> 
  custom:audio-encoder-webm-vorbis: bf7c407c2cedff20999df2af8eb42d56 -> 
  custom:scripting/monoscript/fileName/MenuController.cs: 74708584f0cd1c350bbe5f4640cf905a -> f98156acb6c9b62b4aff1540a104a198
========================================================================
Received Import Request.
  Time since last request: 394.727388 seconds.
  path: Assets/Art/Textures/UI/RTT_ErrorBox_1_1102.png
  artifactKey: Guid(4e1c3bd727ce7f04082a7748d324ef07) Importer(815301076,1909f56bfc062723c751e8b465ee728b)
Start importing Assets/Art/Textures/UI/RTT_ErrorBox_1_1102.png using Guid(4e1c3bd727ce7f04082a7748d324ef07) Importer(815301076,1909f56bfc062723c751e8b465ee728b)  -> (artifact id: '6a0ddf9852e0b035c0a96eefe5754748') in 0.055625 seconds
Number of updated asset objects reloaded before import = 0
Number of asset objects unloaded after import = 3
========================================================================
Received Import Request.
  Time since last request: 330.971216 seconds.
  path: Assets/Art/Textures/UI/RTT_TextBackground_4_1102.png
  artifactKey: Guid(36ff64fd86c9dd3469fe13a4e016bc10) Importer(815301076,1909f56bfc062723c751e8b465ee728b)
Start importing Assets/Art/Textures/UI/RTT_TextBackground_4_1102.png using Guid(36ff64fd86c9dd3469fe13a4e016bc10) Importer(815301076,1909f56bfc062723c751e8b465ee728b)  -> (artifact id: '505969e6657809eabc6a109bb13d4f8d') in 0.009316 seconds
Number of updated asset objects reloaded before import = 0
Number of asset objects unloaded after import = 3
========================================================================
Received Import Request.
  Time since last request: 97.608190 seconds.
  path: Assets/Art/Textures/UI/RTT_TextBackground_3_1102.png
  artifactKey: Guid(20e2c53c3a9aa0a4381ef4c83295e8a8) Importer(815301076,1909f56bfc062723c751e8b465ee728b)
Start importing Assets/Art/Textures/UI/RTT_TextBackground_3_1102.png using Guid(20e2c53c3a9aa0a4381ef4c83295e8a8) Importer(815301076,1909f56bfc062723c751e8b465ee728b)  -> (artifact id: '6b83453ae8151be31c2c6438b9d4c0ce') in 0.008869 seconds
Number of updated asset objects reloaded before import = 0
Number of asset objects unloaded after import = 3
========================================================================
Received Import Request.
  Time since last request: 392.945648 seconds.
  path: Assets/Art/Prefabs/Burrito.prefab
  artifactKey: Guid(63826651e95c30847976e2e3557e98cc) Importer(815301076,1909f56bfc062723c751e8b465ee728b)
Start importing Assets/Art/Prefabs/Burrito.prefab using Guid(63826651e95c30847976e2e3557e98cc) Importer(815301076,1909f56bfc062723c751e8b465ee728b)  -> (artifact id: '379945d092ecb7fa20f025878d85dc27') in 0.045530 seconds
Number of updated asset objects reloaded before import = 0
Number of asset objects unloaded after import = 13
========================================================================
Received Import Request.
  Time since last request: 7.663105 seconds.
  path: Assets/Levels/Menu.unity
  artifactKey: Guid(1aeabe27159cbbb46a012f8bed505f67) Importer(815301076,1909f56bfc062723c751e8b465ee728b)
Start importing Assets/Levels/Menu.unity using Guid(1aeabe27159cbbb46a012f8bed505f67) Importer(815301076,1909f56bfc062723c751e8b465ee728b)  -> (artifact id: '364580f98d3a15f657f95abf40ebbe5e') in 0.000529 seconds
Number of updated asset objects reloaded before import = 0
Number of asset objects unloaded after import = 0
========================================================================
Received Prepare
Begin MonoManager ReloadAssembly
- Loaded All Assemblies, in  0.611 seconds
Refreshing native plugins compatible for Editor in 2.95 ms, found 3 plugins.
Native extension for UWP target not found
Native extension for WindowsStandalone target not found
Native extension for Android target not found
Native extension for WebGL target not found
[Package Manager] Server::EnsureServerProcessIsRunning -- launch failed, reason: Unity was launched with the -noUpm command-line argument
[Package Manager] UpmClient::Send -- Unable to send message (not connected to UPM process).
[Package Manager] Cannot connect to Unity Package Manager local server
Mono: successfully reloaded assembly
- Finished resetting the current domain, in  0.829 seconds
Domain Reload Profiling: 1437ms
	BeginReloadAssembly (128ms)
		ExecutionOrderSort (0ms)
		DisableScriptedObjects (4ms)
		BackupInstance (0ms)
		ReleaseScriptingObjects (0ms)
		CreateAndSetChildDomain (36ms)
	RebuildCommonClasses (25ms)
	RebuildNativeTypeToScriptingClass (8ms)
	initialDomainReloadingComplete (25ms)
	LoadAllAssembliesAndSetupDomain (421ms)
		LoadAssemblies (243ms)
		RebuildTransferFunctionScriptingTraits (0ms)
		AnalyzeDomain (231ms)
			TypeCache.Refresh (219ms)
				TypeCache.ScanAssembly (207ms)
			ScanForSourceGeneratedMonoScriptInfo (4ms)
			ResolveRequiredComponents (9ms)
	FinalizeReload (829ms)
		ReleaseScriptCaches (0ms)
		RebuildScriptCaches (0ms)
		SetupLoadedEditorAssemblies (331ms)
			LogAssemblyErrors (0ms)
			InitializePlatformSupportModulesInManaged (22ms)
			SetLoadedEditorAssemblies (4ms)
			RefreshPlugins (0ms)
			BeforeProcessingInitializeOnLoad (54ms)
			ProcessInitializeOnLoadAttributes (231ms)
			ProcessInitializeOnLoadMethodAttributes (13ms)
			AfterProcessingInitializeOnLoad (6ms)
			EditorAssembliesLoaded (0ms)
		ExecutionOrderSort2 (0ms)
		AwakeInstancesAfterBackupRestoration (5ms)
Refreshing native plugins compatible for Editor in 3.15 ms, found 3 plugins.
Preloading 0 native plugins for Editor in 0.00 ms.
Unloading 3528 Unused Serialized files (Serialized files now loaded: 0)
Unloading 28 unused Assets / (33.9 KB). Loaded Objects now: 4060.
Memory consumption went from 133.4 MB to 133.4 MB.
Total: 3.498600 ms (FindLiveObjects: 0.223700 ms CreateObjectMapping: 0.090400 ms MarkObjects: 3.119000 ms  DeleteObjects: 0.064900 ms)

Prepare: number of updated asset objects reloaded= 0
AssetImportParameters requested are different than current active one (requested -> active):
  custom:container-demuxer-ogg: 62fdf1f143b41e24485cea50d1cbac27 -> 
  custom:video-codec-MediaFoundation-h265: 746d11721c4dcdbdad8f713fa42b33f4 -> 
  custom:video-decoder-ogg-theora: a1e56fd34408186e4bbccfd4996cb3dc -> 
  custom:framework-win-MediaFoundation: 216162199b28c13a410421893ffa2e32 -> 
  custom:container-demuxer-webm: 4f35f7cbe854078d1ac9338744f61a02 -> 
  custom:container-muxer-webm: aa71ff27fc2769a1b78a27578f13a17b -> 
  custom:video-decoder-webm-vp8: 9c59270c3fd7afecdb556c50c9e8de78 -> 
  custom:AudioImporter_EditorPlatform: d09bf68614088b80899f8185d706f6e7 -> 
  custom:video-encoder-webm-vp8: eb34c28f22e8b96e1ab97ce403110664 -> 
  custom:audio-decoder-ogg-vorbis: bf7c407c2cedff20999df2af8eb42d56 -> 
  custom:audio-encoder-webm-vorbis: bf7c407c2cedff20999df2af8eb42d56 -> 
  custom:scripting/monoscript/fileName/MenuController.cs: 74708584f0cd1c350bbe5f4640cf905a -> f98156acb6c9b62b4aff1540a104a198
========================================================================
Received Prepare
Begin MonoManager ReloadAssembly
- Loaded All Assemblies, in  0.631 seconds
Refreshing native plugins compatible for Editor in 2.78 ms, found 3 plugins.
Native extension for UWP target not found
Native extension for WindowsStandalone target not found
Native extension for Android target not found
Native extension for WebGL target not found
[Package Manager] Server::EnsureServerProcessIsRunning -- launch failed, reason: Unity was launched with the -noUpm command-line argument
[Package Manager] UpmClient::Send -- Unable to send message (not connected to UPM process).
[Package Manager] Cannot connect to Unity Package Manager local server
Mono: successfully reloaded assembly
- Finished resetting the current domain, in  0.752 seconds
Domain Reload Profiling: 1380ms
	BeginReloadAssembly (126ms)
		ExecutionOrderSort (0ms)
		DisableScriptedObjects (5ms)
		BackupInstance (0ms)
		ReleaseScriptingObjects (0ms)
		CreateAndSetChildDomain (35ms)
	RebuildCommonClasses (27ms)
	RebuildNativeTypeToScriptingClass (8ms)
	initialDomainReloadingComplete (26ms)
	LoadAllAssembliesAndSetupDomain (440ms)
		LoadAssemblies (249ms)
		RebuildTransferFunctionScriptingTraits (0ms)
		AnalyzeDomain (242ms)
			TypeCache.Refresh (236ms)
				TypeCache.ScanAssembly (224ms)
			ScanForSourceGeneratedMonoScriptInfo (3ms)
			ResolveRequiredComponents (3ms)
	FinalizeReload (752ms)
		ReleaseScriptCaches (0ms)
		RebuildScriptCaches (0ms)
		SetupLoadedEditorAssemblies (354ms)
			LogAssemblyErrors (0ms)
			InitializePlatformSupportModulesInManaged (22ms)
			SetLoadedEditorAssemblies (4ms)
			RefreshPlugins (0ms)
			BeforeProcessingInitializeOnLoad (55ms)
			ProcessInitializeOnLoadAttributes (251ms)
			ProcessInitializeOnLoadMethodAttributes (15ms)
			AfterProcessingInitializeOnLoad (6ms)
			EditorAssembliesLoaded (0ms)
		ExecutionOrderSort2 (0ms)
		AwakeInstancesAfterBackupRestoration (6ms)
Refreshing native plugins compatible for Editor in 2.74 ms, found 3 plugins.
Preloading 0 native plugins for Editor in 0.00 ms.
Unloading 3529 Unused Serialized files (Serialized files now loaded: 0)
Unloading 25 unused Assets / (31.2 KB). Loaded Objects now: 4063.
Memory consumption went from 133.7 MB to 133.6 MB.
Total: 2.932600 ms (FindLiveObjects: 0.236000 ms CreateObjectMapping: 0.180000 ms MarkObjects: 2.459300 ms  DeleteObjects: 0.056600 ms)

Prepare: number of updated asset objects reloaded= 0
AssetImportParameters requested are different than current active one (requested -> active):
  custom:container-demuxer-ogg: 62fdf1f143b41e24485cea50d1cbac27 -> 
  custom:video-codec-MediaFoundation-h265: 746d11721c4dcdbdad8f713fa42b33f4 -> 
  custom:video-decoder-ogg-theora: a1e56fd34408186e4bbccfd4996cb3dc -> 
  custom:framework-win-MediaFoundation: 216162199b28c13a410421893ffa2e32 -> 
  custom:container-demuxer-webm: 4f35f7cbe854078d1ac9338744f61a02 -> 
  custom:container-muxer-webm: aa71ff27fc2769a1b78a27578f13a17b -> 
  custom:video-decoder-webm-vp8: 9c59270c3fd7afecdb556c50c9e8de78 -> 
  custom:AudioImporter_EditorPlatform: d09bf68614088b80899f8185d706f6e7 -> 
  custom:video-encoder-webm-vp8: eb34c28f22e8b96e1ab97ce403110664 -> 
  custom:audio-decoder-ogg-vorbis: bf7c407c2cedff20999df2af8eb42d56 -> 
  custom:audio-encoder-webm-vorbis: bf7c407c2cedff20999df2af8eb42d56 -> 
  custom:scripting/monoscript/fileName/MenuController.cs: 74708584f0cd1c350bbe5f4640cf905a -> f98156acb6c9b62b4aff1540a104a198
========================================================================
Received Import Request.
  Time since last request: 1143.380772 seconds.
  path: Assets/Art/Textures/InitButtons (2)/shape100_style03_color05.png
  artifactKey: Guid(ef559978526c99444bcfb85181b2510a) Importer(815301076,1909f56bfc062723c751e8b465ee728b)
Start importing Assets/Art/Textures/InitButtons (2)/shape100_style03_color05.png using Guid(ef559978526c99444bcfb85181b2510a) Importer(815301076,1909f56bfc062723c751e8b465ee728b)  -> (artifact id: '7e4e81f074a6f444d074c5d245086ea1') in 0.067123 seconds
Number of updated asset objects reloaded before import = 0
Number of asset objects unloaded after import = 3
========================================================================
Received Import Request.
  Time since last request: 0.000015 seconds.
  path: Assets/Art/Textures/InitButtons (2)/shape094_style03_color01.png
  artifactKey: Guid(1ddee02b0b78a2c40a703fcfad987aee) Importer(815301076,1909f56bfc062723c751e8b465ee728b)
Start importing Assets/Art/Textures/InitButtons (2)/shape094_style03_color01.png using Guid(1ddee02b0b78a2c40a703fcfad987aee) Importer(815301076,1909f56bfc062723c751e8b465ee728b)  -> (artifact id: 'da4a5cfd536707271882e2782d1e45ba') in 0.021348 seconds
Number of updated asset objects reloaded before import = 0
Number of asset objects unloaded after import = 3
========================================================================
Received Import Request.
  Time since last request: 0.000012 seconds.
  path: Assets/Art/Textures/InitButtons (1)/shape089_style02_color05.png
  artifactKey: Guid(cf512ea80417cf14691752cf910a1459) Importer(815301076,1909f56bfc062723c751e8b465ee728b)
Start importing Assets/Art/Textures/InitButtons (1)/shape089_style02_color05.png using Guid(cf512ea80417cf14691752cf910a1459) Importer(815301076,1909f56bfc062723c751e8b465ee728b)  -> (artifact id: '62ac8206ca7512bb58f4edf2e1834632') in 0.020269 seconds
Number of updated asset objects reloaded before import = 0
Number of asset objects unloaded after import = 3
========================================================================
Received Import Request.
  Time since last request: 0.000020 seconds.
  path: Assets/Art/Textures/InitButtons (2)/shape081_style03_color09.png
  artifactKey: Guid(af864ee21c526d94d8194469e1715c88) Importer(815301076,1909f56bfc062723c751e8b465ee728b)
Start importing Assets/Art/Textures/InitButtons (2)/shape081_style03_color09.png using Guid(af864ee21c526d94d8194469e1715c88) Importer(815301076,1909f56bfc062723c751e8b465ee728b)  -> (artifact id: 'eba2307cd1126cf61545b6218ca8269f') in 0.013148 seconds
Number of updated asset objects reloaded before import = 0
Number of asset objects unloaded after import = 3
========================================================================
Received Import Request.
  Time since last request: 0.000019 seconds.
  path: Assets/Art/Textures/InitButtons (2)/shape091_style03_color03.png
  artifactKey: Guid(02f7c9cc015840646a445377af269f4d) Importer(815301076,1909f56bfc062723c751e8b465ee728b)
Start importing Assets/Art/Textures/InitButtons (2)/shape091_style03_color03.png using Guid(02f7c9cc015840646a445377af269f4d) Importer(815301076,1909f56bfc062723c751e8b465ee728b)  -> (artifact id: '4dd549bf7745231def513790775953c2') in 0.015522 seconds
Number of updated asset objects reloaded before import = 0
Number of asset objects unloaded after import = 3
========================================================================
Received Import Request.
  Time since last request: 0.000016 seconds.
  path: Assets/Art/Textures/InitButtons (1)/shape100_style02_color01.png
  artifactKey: Guid(39a4037821a153647ad4b7d0e5a46080) Importer(815301076,1909f56bfc062723c751e8b465ee728b)
Start importing Assets/Art/Textures/InitButtons (1)/shape100_style02_color01.png using Guid(39a4037821a153647ad4b7d0e5a46080) Importer(815301076,1909f56bfc062723c751e8b465ee728b)  -> (artifact id: '3c97ee3d540dd9bbb8f99abb775471f5') in 0.017823 seconds
Number of updated asset objects reloaded before import = 0
Number of asset objects unloaded after import = 3
========================================================================
Received Import Request.
  Time since last request: 0.000014 seconds.
  path: Assets/Art/Textures/InitButtons (1)/shape100_style02_color03.png
  artifactKey: Guid(73404f247b7b6e0469bc33a0fe309c85) Importer(815301076,1909f56bfc062723c751e8b465ee728b)
Start importing Assets/Art/Textures/InitButtons (1)/shape100_style02_color03.png using Guid(73404f247b7b6e0469bc33a0fe309c85) Importer(815301076,1909f56bfc062723c751e8b465ee728b)  -> (artifact id: '4cf295fed6f41f04ab991fe6fbacd309') in 0.011894 seconds
Number of updated asset objects reloaded before import = 0
Number of asset objects unloaded after import = 3
========================================================================
Received Import Request.
  Time since last request: 0.000015 seconds.
  path: Assets/Art/Textures/InitButtons (2)/shape081_style03_color07.png
  artifactKey: Guid(bf86909d641681b4e904500ab6101b86) Importer(815301076,1909f56bfc062723c751e8b465ee728b)
Start importing Assets/Art/Textures/InitButtons (2)/shape081_style03_color07.png using Guid(bf86909d641681b4e904500ab6101b86) Importer(815301076,1909f56bfc062723c751e8b465ee728b)  -> (artifact id: '1f248267ffa2296ef11278603b834753') in 0.013876 seconds
Number of updated asset objects reloaded before import = 0
Number of asset objects unloaded after import = 3
========================================================================
Received Import Request.
  Time since last request: 0.000013 seconds.
  path: Assets/Art/Textures/InitButtons (1)/shape051_style02_color09.png
  artifactKey: Guid(096a364f5c0ca3a4f8d4ec98004b2f61) Importer(815301076,1909f56bfc062723c751e8b465ee728b)
Start importing Assets/Art/Textures/InitButtons (1)/shape051_style02_color09.png using Guid(096a364f5c0ca3a4f8d4ec98004b2f61) Importer(815301076,1909f56bfc062723c751e8b465ee728b)  -> (artifact id: 'c70f91f6807b8cf6f6fc2642c645ef41') in 0.013784 seconds
Number of updated asset objects reloaded before import = 0
Number of asset objects unloaded after import = 3
========================================================================
Received Import Request.
  Time since last request: 0.000013 seconds.
  path: Assets/Art/Textures/InitButtons (1)/shape089_style02_color07.png
  artifactKey: Guid(57bc844054491d94191ec7057c7a6d66) Importer(815301076,1909f56bfc062723c751e8b465ee728b)
Start importing Assets/Art/Textures/InitButtons (1)/shape089_style02_color07.png using Guid(57bc844054491d94191ec7057c7a6d66) Importer(815301076,1909f56bfc062723c751e8b465ee728b)  -> (artifact id: '273dadb7e4c4447ede16b0cb9bc63b7d') in 0.016852 seconds
Number of updated asset objects reloaded before import = 0
Number of asset objects unloaded after import = 3
========================================================================
Received Import Request.
  Time since last request: 0.000019 seconds.
  path: Assets/Art/Textures/InitButtons (2)/shape038_style03_color07.png
  artifactKey: Guid(d7d61015f0bd1c04eb28830e112509c7) Importer(815301076,1909f56bfc062723c751e8b465ee728b)
Start importing Assets/Art/Textures/InitButtons (2)/shape038_style03_color07.png using Guid(d7d61015f0bd1c04eb28830e112509c7) Importer(815301076,1909f56bfc062723c751e8b465ee728b)  -> (artifact id: 'a74775e0afa3c17a19dbeebba5499d3e') in 0.010327 seconds
Number of updated asset objects reloaded before import = 0
Number of asset objects unloaded after import = 3
========================================================================
Received Import Request.
  Time since last request: 0.000025 seconds.
  path: Assets/Art/Textures/InitButtons (1)/shape098_style02_color03.png
  artifactKey: Guid(5acf97b6aec1d4e43911f224a5eadf9f) Importer(815301076,1909f56bfc062723c751e8b465ee728b)
Start importing Assets/Art/Textures/InitButtons (1)/shape098_style02_color03.png using Guid(5acf97b6aec1d4e43911f224a5eadf9f) Importer(815301076,1909f56bfc062723c751e8b465ee728b)  -> (artifact id: 'fa2bc9c52da8110ea5f7d278ed1275dc') in 0.010648 seconds
Number of updated asset objects reloaded before import = 0
Number of asset objects unloaded after import = 3
========================================================================
Received Import Request.
  Time since last request: 0.000014 seconds.
  path: Assets/Art/Textures/InitButtons (1)/shape030_style02_color07.png
  artifactKey: Guid(f2bf1a67a7091d948ac3f074dc0eff8b) Importer(815301076,1909f56bfc062723c751e8b465ee728b)
Start importing Assets/Art/Textures/InitButtons (1)/shape030_style02_color07.png using Guid(f2bf1a67a7091d948ac3f074dc0eff8b) Importer(815301076,1909f56bfc062723c751e8b465ee728b)  -> (artifact id: 'e37691be4f7d9b111605716b7004ee1e') in 0.009486 seconds
Number of updated asset objects reloaded before import = 0
Number of asset objects unloaded after import = 3
========================================================================
Received Import Request.
  Time since last request: 0.000013 seconds.
  path: Assets/Art/Textures/InitButtons (1)/shape030_style02_color09.png
  artifactKey: Guid(1d7ad34f489dd524a8f2e791f941790e) Importer(815301076,1909f56bfc062723c751e8b465ee728b)
Start importing Assets/Art/Textures/InitButtons (1)/shape030_style02_color09.png using Guid(1d7ad34f489dd524a8f2e791f941790e) Importer(815301076,1909f56bfc062723c751e8b465ee728b)  -> (artifact id: 'eca1c9ba3f1f477255052c4abae4ac1d') in 0.010288 seconds
Number of updated asset objects reloaded before import = 0
Number of asset objects unloaded after import = 3
========================================================================
Received Import Request.
  Time since last request: 0.000013 seconds.
  path: Assets/Art/Textures/InitButtons (2)/shape038_style03_color02.png
  artifactKey: Guid(589b35fda44961d4f8ca42a7e3ca1f35) Importer(815301076,1909f56bfc062723c751e8b465ee728b)
Start importing Assets/Art/Textures/InitButtons (2)/shape038_style03_color02.png using Guid(589b35fda44961d4f8ca42a7e3ca1f35) Importer(815301076,1909f56bfc062723c751e8b465ee728b)  -> (artifact id: 'c58c117881bd513703284af897b5f169') in 0.010317 seconds
Number of updated asset objects reloaded before import = 0
Number of asset objects unloaded after import = 3
========================================================================
Received Import Request.
  Time since last request: 0.000015 seconds.
  path: Assets/Art/Textures/InitButtons (2)/shape017_style03_color05.png
  artifactKey: Guid(fdf37571ea7d66a4196b88617fc00fbe) Importer(815301076,1909f56bfc062723c751e8b465ee728b)
Start importing Assets/Art/Textures/InitButtons (2)/shape017_style03_color05.png using Guid(fdf37571ea7d66a4196b88617fc00fbe) Importer(815301076,1909f56bfc062723c751e8b465ee728b)  -> (artifact id: '9ef2b1768ff75bcf8ec370d95e5bfcd7') in 0.011549 seconds
Number of updated asset objects reloaded before import = 0
Number of asset objects unloaded after import = 3
========================================================================
Received Import Request.
  Time since last request: 0.000012 seconds.
  path: Assets/Art/Textures/InitButtons (2)/shape081_style03_color04.png
  artifactKey: Guid(8047a2c9d630e954ba7124f04c3f91bd) Importer(815301076,1909f56bfc062723c751e8b465ee728b)
Start importing Assets/Art/Textures/InitButtons (2)/shape081_style03_color04.png using Guid(8047a2c9d630e954ba7124f04c3f91bd) Importer(815301076,1909f56bfc062723c751e8b465ee728b)  -> (artifact id: 'dc74dc669dfed044a4e6aec804dbee94') in 0.010344 seconds
Number of updated asset objects reloaded before import = 0
Number of asset objects unloaded after import = 3
========================================================================
Received Import Request.
  Time since last request: 0.000014 seconds.
  path: Assets/Art/Textures/InitButtons (1)/shape008_style02_color12.png
  artifactKey: Guid(797240af6047dcb4db94d4d9fd52b787) Importer(815301076,1909f56bfc062723c751e8b465ee728b)
Start importing Assets/Art/Textures/InitButtons (1)/shape008_style02_color12.png using Guid(797240af6047dcb4db94d4d9fd52b787) Importer(815301076,1909f56bfc062723c751e8b465ee728b)  -> (artifact id: 'ac637e8e0b254e091fbefcad31de0f77') in 0.008588 seconds
Number of updated asset objects reloaded before import = 0
Number of asset objects unloaded after import = 3
========================================================================
Received Import Request.
  Time since last request: 0.000019 seconds.
  path: Assets/Art/Textures/InitButtons (2)/shape017_style03_color02.png
  artifactKey: Guid(c5b337a1cd3873f419ba9b5badb3ddf2) Importer(815301076,1909f56bfc062723c751e8b465ee728b)
Start importing Assets/Art/Textures/InitButtons (2)/shape017_style03_color02.png using Guid(c5b337a1cd3873f419ba9b5badb3ddf2) Importer(815301076,1909f56bfc062723c751e8b465ee728b)  -> (artifact id: '5556102d78e30e6fc1bc18b44d546562') in 0.017073 seconds
Number of updated asset objects reloaded before import = 0
Number of asset objects unloaded after import = 3
========================================================================
Received Import Request.
  Time since last request: 0.000016 seconds.
  path: Assets/Art/Textures/InitButtons (1)/shape003_style02_color02.png
  artifactKey: Guid(b3c9b65a521c1894c8a0c70d5d329fa1) Importer(815301076,1909f56bfc062723c751e8b465ee728b)
Start importing Assets/Art/Textures/InitButtons (1)/shape003_style02_color02.png using Guid(b3c9b65a521c1894c8a0c70d5d329fa1) Importer(815301076,1909f56bfc062723c751e8b465ee728b)  -> (artifact id: '28cd248a225534e0ff93d62f090d3165') in 0.011491 seconds
Number of updated asset objects reloaded before import = 0
Number of asset objects unloaded after import = 3
========================================================================
Received Import Request.
  Time since last request: 0.000016 seconds.
  path: Assets/Art/Textures/InitButtons (2)/shape081_style03_color06.png
  artifactKey: Guid(337eba63a2f0d8e41ab2ded8cbd17e50) Importer(815301076,1909f56bfc062723c751e8b465ee728b)
Start importing Assets/Art/Textures/InitButtons (2)/shape081_style03_color06.png using Guid(337eba63a2f0d8e41ab2ded8cbd17e50) Importer(815301076,1909f56bfc062723c751e8b465ee728b)  -> (artifact id: 'c3d54a7eab8f2364d24ed692b97d15eb') in 0.020144 seconds
Number of updated asset objects reloaded before import = 0
Number of asset objects unloaded after import = 3
========================================================================
Received Import Request.
  Time since last request: 0.000015 seconds.
  path: Assets/Art/Textures/InitButtons (2)/shape081_style03_color08.png
  artifactKey: Guid(baee3331e4cb2a64e9ca703d961cf156) Importer(815301076,1909f56bfc062723c751e8b465ee728b)
Start importing Assets/Art/Textures/InitButtons (2)/shape081_style03_color08.png using Guid(baee3331e4cb2a64e9ca703d961cf156) Importer(815301076,1909f56bfc062723c751e8b465ee728b)  -> (artifact id: 'c5d3825a8fd0a50b393fc38ef373f540') in 0.007771 seconds
Number of updated asset objects reloaded before import = 0
Number of asset objects unloaded after import = 3
========================================================================
Received Import Request.
  Time since last request: 0.000016 seconds.
  path: Assets/Art/Textures/InitButtons (1)/shape051_style02_color10.png
  artifactKey: Guid(62d2cc2e20752b7479d37947c0f5c884) Importer(815301076,1909f56bfc062723c751e8b465ee728b)
Start importing Assets/Art/Textures/InitButtons (1)/shape051_style02_color10.png using Guid(62d2cc2e20752b7479d37947c0f5c884) Importer(815301076,1909f56bfc062723c751e8b465ee728b)  -> (artifact id: '0d5c44a0823b549ddf96955cc6b6bc9e') in 0.009570 seconds
Number of updated asset objects reloaded before import = 0
Number of asset objects unloaded after import = 3
========================================================================
Received Import Request.
  Time since last request: 0.000016 seconds.
  path: Assets/Art/Textures/InitButtons (1)/shape089_style02_color06.png
  artifactKey: Guid(b94a163b34107f7469b6fc53a52e994e) Importer(815301076,1909f56bfc062723c751e8b465ee728b)
Start importing Assets/Art/Textures/InitButtons (1)/shape089_style02_color06.png using Guid(b94a163b34107f7469b6fc53a52e994e) Importer(815301076,1909f56bfc062723c751e8b465ee728b)  -> (artifact id: 'e1631f778f1cf40b2de2a7ea339ed16d') in 0.009552 seconds
Number of updated asset objects reloaded before import = 0
Number of asset objects unloaded after import = 3
========================================================================
Received Import Request.
  Time since last request: 0.000014 seconds.
  path: Assets/Art/Textures/InitButtons (1)/shape008_style02_color07.png
  artifactKey: Guid(1726dac871e7580448725f2e737c08d1) Importer(815301076,1909f56bfc062723c751e8b465ee728b)
Start importing Assets/Art/Textures/InitButtons (1)/shape008_style02_color07.png using Guid(1726dac871e7580448725f2e737c08d1) Importer(815301076,1909f56bfc062723c751e8b465ee728b)  -> (artifact id: '124e039ab2a86a291d196009c67c9f9f') in 0.008244 seconds
Number of updated asset objects reloaded before import = 0
Number of asset objects unloaded after import = 3
========================================================================
Received Import Request.
  Time since last request: 0.000016 seconds.
  path: Assets/Art/Textures/InitButtons/shape062_style01_color08.png
  artifactKey: Guid(74a4b3bc124f31347a106c5859015bc1) Importer(815301076,1909f56bfc062723c751e8b465ee728b)
Start importing Assets/Art/Textures/InitButtons/shape062_style01_color08.png using Guid(74a4b3bc124f31347a106c5859015bc1) Importer(815301076,1909f56bfc062723c751e8b465ee728b)  -> (artifact id: 'f41507604c0c8c42714cc64c9b5108a5') in 0.008985 seconds
Number of updated asset objects reloaded before import = 0
Number of asset objects unloaded after import = 3
========================================================================
Received Import Request.
  Time since last request: 0.000057 seconds.
  path: Assets/Art/Textures/InitButtons (1)/shape098_style02_color06.png
  artifactKey: Guid(96d7d84eab8554a42a604121b2ee1ee7) Importer(815301076,1909f56bfc062723c751e8b465ee728b)
Start importing Assets/Art/Textures/InitButtons (1)/shape098_style02_color06.png using Guid(96d7d84eab8554a42a604121b2ee1ee7) Importer(815301076,1909f56bfc062723c751e8b465ee728b)  -> (artifact id: '19d07b8d03c60d405d7ee5c93498efdc') in 0.009339 seconds
Number of updated asset objects reloaded before import = 0
Number of asset objects unloaded after import = 3
========================================================================
Received Import Request.
  Time since last request: 0.000020 seconds.
  path: Assets/Art/Textures/InitButtons (1)/shape008_style02_color05.png
  artifactKey: Guid(2803aa4026205d44d99ae9c270128f07) Importer(815301076,1909f56bfc062723c751e8b465ee728b)
Start importing Assets/Art/Textures/InitButtons (1)/shape008_style02_color05.png using Guid(2803aa4026205d44d99ae9c270128f07) Importer(815301076,1909f56bfc062723c751e8b465ee728b)  -> (artifact id: '0e3808a206135441f971e401dcdf28bf') in 0.009825 seconds
Number of updated asset objects reloaded before import = 0
Number of asset objects unloaded after import = 3
========================================================================
Received Import Request.
  Time since last request: 0.000018 seconds.
  path: Assets/Art/Textures/InitButtons (2)/shape051_style03_color02.png
  artifactKey: Guid(c1864e128a8a56e44bc4c98212cfde65) Importer(815301076,1909f56bfc062723c751e8b465ee728b)
Start importing Assets/Art/Textures/InitButtons (2)/shape051_style03_color02.png using Guid(c1864e128a8a56e44bc4c98212cfde65) Importer(815301076,1909f56bfc062723c751e8b465ee728b)  -> (artifact id: 'c4e5f36e7f96ee3635cb1864b920b3eb') in 0.009716 seconds
Number of updated asset objects reloaded before import = 0
Number of asset objects unloaded after import = 3
========================================================================
Received Import Request.
  Time since last request: 0.000017 seconds.
  path: Assets/Art/Textures/InitButtons (1)/shape038_style02_color12.png
  artifactKey: Guid(c8996b31506a81e4ba364e7ce0179b0d) Importer(815301076,1909f56bfc062723c751e8b465ee728b)
Start importing Assets/Art/Textures/InitButtons (1)/shape038_style02_color12.png using Guid(c8996b31506a81e4ba364e7ce0179b0d) Importer(815301076,1909f56bfc062723c751e8b465ee728b)  -> (artifact id: 'b8cbb29a2c766fbd6446ae051916c599') in 0.009844 seconds
Number of updated asset objects reloaded before import = 0
Number of asset objects unloaded after import = 3
========================================================================
Received Import Request.
  Time since last request: 0.000026 seconds.
  path: Assets/Art/Textures/InitButtons (2)/shape038_style03_color06.png
  artifactKey: Guid(750d6891712a4da4b9be629c88679f83) Importer(815301076,1909f56bfc062723c751e8b465ee728b)
Start importing Assets/Art/Textures/InitButtons (2)/shape038_style03_color06.png using Guid(750d6891712a4da4b9be629c88679f83) Importer(815301076,1909f56bfc062723c751e8b465ee728b)  -> (artifact id: 'f08a9ef8cdbcd34280f7344389456902') in 0.009366 seconds
Number of updated asset objects reloaded before import = 0
Number of asset objects unloaded after import = 3
========================================================================
Received Import Request.
  Time since last request: 0.000015 seconds.
  path: Assets/Art/Textures/InitButtons (1)/shape100_style02_color04.png
  artifactKey: Guid(6b511fe5b70355f49af0e7f33cdac864) Importer(815301076,1909f56bfc062723c751e8b465ee728b)
Start importing Assets/Art/Textures/InitButtons (1)/shape100_style02_color04.png using Guid(6b511fe5b70355f49af0e7f33cdac864) Importer(815301076,1909f56bfc062723c751e8b465ee728b)  -> (artifact id: 'c3d5876bd085721c8ddf2588eebf2b38') in 0.006934 seconds
Number of updated asset objects reloaded before import = 0
Number of asset objects unloaded after import = 3
========================================================================
Received Import Request.
  Time since last request: 0.000013 seconds.
  path: Assets/Art/Textures/InitButtons (1)/shape094_style02_color09.png
  artifactKey: Guid(48da6d6fa49216042bd18ccd56077b85) Importer(815301076,1909f56bfc062723c751e8b465ee728b)
Start importing Assets/Art/Textures/InitButtons (1)/shape094_style02_color09.png using Guid(48da6d6fa49216042bd18ccd56077b85) Importer(815301076,1909f56bfc062723c751e8b465ee728b)  -> (artifact id: '014b6fb4fa3676dc1f02c6741a2e241e') in 0.008509 seconds
Number of updated asset objects reloaded before import = 0
Number of asset objects unloaded after import = 3
========================================================================
Received Import Request.
  Time since last request: 0.000018 seconds.
  path: Assets/Art/Textures/InitButtons (1)/shape099_style02_color01.png
  artifactKey: Guid(e0feb8c03a3a4c34b93e6a47b98bb3a9) Importer(815301076,1909f56bfc062723c751e8b465ee728b)
Start importing Assets/Art/Textures/InitButtons (1)/shape099_style02_color01.png using Guid(e0feb8c03a3a4c34b93e6a47b98bb3a9) Importer(815301076,1909f56bfc062723c751e8b465ee728b)  -> (artifact id: '289af768ad6c605bbf7eeb2362d092fc') in 0.009059 seconds
Number of updated asset objects reloaded before import = 0
Number of asset objects unloaded after import = 3
========================================================================
Received Import Request.
  Time since last request: 0.000016 seconds.
  path: Assets/Art/Textures/InitButtons (1)/shape008_style02_color08.png
  artifactKey: Guid(cd8cf03ca51038c4d9baaba3dea61ed6) Importer(815301076,1909f56bfc062723c751e8b465ee728b)
Start importing Assets/Art/Textures/InitButtons (1)/shape008_style02_color08.png using Guid(cd8cf03ca51038c4d9baaba3dea61ed6) Importer(815301076,1909f56bfc062723c751e8b465ee728b)  -> (artifact id: '70acefa62b2d38c359ff86460762c5f8') in 0.008158 seconds
Number of updated asset objects reloaded before import = 0
Number of asset objects unloaded after import = 3
========================================================================
Received Import Request.
  Time since last request: 0.000134 seconds.
  path: Assets/Art/Textures/InitButtons (2)/shape038_style03_color05.png
  artifactKey: Guid(5bd92def4f828f348bf2277d83f97121) Importer(815301076,1909f56bfc062723c751e8b465ee728b)
Start importing Assets/Art/Textures/InitButtons (2)/shape038_style03_color05.png using Guid(5bd92def4f828f348bf2277d83f97121) Importer(815301076,1909f56bfc062723c751e8b465ee728b)  -> (artifact id: '2aed109f280c6079cd774f353ca78734') in 0.009304 seconds
Number of updated asset objects reloaded before import = 0
Number of asset objects unloaded after import = 3
========================================================================
Received Import Request.
  Time since last request: 0.000017 seconds.
  path: Assets/Art/Textures/InitButtons (1)/shape003_style02_color04.png
  artifactKey: Guid(94621459b8eac5f4d85e4a097a685e66) Importer(815301076,1909f56bfc062723c751e8b465ee728b)
Start importing Assets/Art/Textures/InitButtons (1)/shape003_style02_color04.png using Guid(94621459b8eac5f4d85e4a097a685e66) Importer(815301076,1909f56bfc062723c751e8b465ee728b)  -> (artifact id: 'b81b9d51f49eee5eb5b0b8270df5d7d6') in 0.011297 seconds
Number of updated asset objects reloaded before import = 0
Number of asset objects unloaded after import = 3
========================================================================
Received Import Request.
  Time since last request: 0.000013 seconds.
  path: Assets/Art/Textures/InitButtons (2)/shape017_style03_color01.png
  artifactKey: Guid(e853f5dcbca49b743ae777f6c46fb899) Importer(815301076,1909f56bfc062723c751e8b465ee728b)
Start importing Assets/Art/Textures/InitButtons (2)/shape017_style03_color01.png using Guid(e853f5dcbca49b743ae777f6c46fb899) Importer(815301076,1909f56bfc062723c751e8b465ee728b)  -> (artifact id: 'c2043d9b58c05846d9a369ccff618f52') in 0.008358 seconds
Number of updated asset objects reloaded before import = 0
Number of asset objects unloaded after import = 3
========================================================================
Received Import Request.
  Time since last request: 0.000026 seconds.
  path: Assets/Art/Textures/InitButtons (1)/shape038_style02_color11.png
  artifactKey: Guid(d72c489bbed963c48b9ffaed0402dae2) Importer(815301076,1909f56bfc062723c751e8b465ee728b)
Start importing Assets/Art/Textures/InitButtons (1)/shape038_style02_color11.png using Guid(d72c489bbed963c48b9ffaed0402dae2) Importer(815301076,1909f56bfc062723c751e8b465ee728b)  -> (artifact id: 'e7c858cd5d5a97089d3a85e70d7173a2') in 0.008306 seconds
Number of updated asset objects reloaded before import = 0
Number of asset objects unloaded after import = 3
========================================================================
Received Import Request.
  Time since last request: 0.000016 seconds.
  path: Assets/Art/Textures/InitButtons/shape062_style01_color10.png
  artifactKey: Guid(8b7c2133af312154ba78b425aa2a3a46) Importer(815301076,1909f56bfc062723c751e8b465ee728b)
Start importing Assets/Art/Textures/InitButtons/shape062_style01_color10.png using Guid(8b7c2133af312154ba78b425aa2a3a46) Importer(815301076,1909f56bfc062723c751e8b465ee728b)  -> (artifact id: 'dd94bdf1d2da84b6f393b8d6141ff613') in 0.007897 seconds
Number of updated asset objects reloaded before import = 0
Number of asset objects unloaded after import = 3
========================================================================
Received Import Request.
  Time since last request: 0.000028 seconds.
  path: Assets/Art/Textures/InitButtons (2)/shape008_style03_color01.png
  artifactKey: Guid(95a525ca83b718440babf0e09796456a) Importer(815301076,1909f56bfc062723c751e8b465ee728b)
Start importing Assets/Art/Textures/InitButtons (2)/shape008_style03_color01.png using Guid(95a525ca83b718440babf0e09796456a) Importer(815301076,1909f56bfc062723c751e8b465ee728b)  -> (artifact id: '6a020235a5f4c67de2e650226c8f956f') in 0.009827 seconds
Number of updated asset objects reloaded before import = 0
Number of asset objects unloaded after import = 3
========================================================================
Received Import Request.
  Time since last request: 0.000037 seconds.
  path: Assets/Art/Textures/InitButtons (2)/shape100_style03_color09.png
  artifactKey: Guid(695c527f41a6d2a4fa266699910b5566) Importer(815301076,1909f56bfc062723c751e8b465ee728b)
Start importing Assets/Art/Textures/InitButtons (2)/shape100_style03_color09.png using Guid(695c527f41a6d2a4fa266699910b5566) Importer(815301076,1909f56bfc062723c751e8b465ee728b)  -> (artifact id: 'db3eefe2d5aea0924dddaeb8fc55ec1c') in 0.009116 seconds
Number of updated asset objects reloaded before import = 0
Number of asset objects unloaded after import = 3
========================================================================
Received Import Request.
  Time since last request: 0.000013 seconds.
  path: Assets/Art/Textures/InitButtons (1)/shape099_style02_color05.png
  artifactKey: Guid(db1300c4d0176ad43b01cd451e1e3523) Importer(815301076,1909f56bfc062723c751e8b465ee728b)
Start importing Assets/Art/Textures/InitButtons (1)/shape099_style02_color05.png using Guid(db1300c4d0176ad43b01cd451e1e3523) Importer(815301076,1909f56bfc062723c751e8b465ee728b)  -> (artifact id: '0eebe9105653248cda31b330fd91b708') in 0.008744 seconds
Number of updated asset objects reloaded before import = 0
Number of asset objects unloaded after import = 3
========================================================================
Received Import Request.
  Time since last request: 0.000015 seconds.
  path: Assets/Art/Textures/InitButtons/shape097_style01_color02.png
  artifactKey: Guid(d4fc5c0b317bfc749b1786ab37c20eca) Importer(815301076,1909f56bfc062723c751e8b465ee728b)
Start importing Assets/Art/Textures/InitButtons/shape097_style01_color02.png using Guid(d4fc5c0b317bfc749b1786ab37c20eca) Importer(815301076,1909f56bfc062723c751e8b465ee728b)  -> (artifact id: 'a4611eae0c0fceabb6095d01f42ce03c') in 0.007911 seconds
Number of updated asset objects reloaded before import = 0
Number of asset objects unloaded after import = 3
========================================================================
Received Import Request.
  Time since last request: 0.000017 seconds.
  path: Assets/Art/Textures/InitButtons (1)/shape089_style02_color02.png
  artifactKey: Guid(6bbcb919eb7c06a46a7caa4a3259ee90) Importer(815301076,1909f56bfc062723c751e8b465ee728b)
Start importing Assets/Art/Textures/InitButtons (1)/shape089_style02_color02.png using Guid(6bbcb919eb7c06a46a7caa4a3259ee90) Importer(815301076,1909f56bfc062723c751e8b465ee728b)  -> (artifact id: '8e77b92eff083299428938b848acdcea') in 0.009844 seconds
Number of updated asset objects reloaded before import = 0
Number of asset objects unloaded after import = 3
========================================================================
Received Import Request.
  Time since last request: 0.000014 seconds.
  path: Assets/Art/Textures/InitButtons (2)/shape081_style03_color01.png
  artifactKey: Guid(c2ecb6ef4b167c34b975c2f9d725aa8f) Importer(815301076,1909f56bfc062723c751e8b465ee728b)
Start importing Assets/Art/Textures/InitButtons (2)/shape081_style03_color01.png using Guid(c2ecb6ef4b167c34b975c2f9d725aa8f) Importer(815301076,1909f56bfc062723c751e8b465ee728b)  -> (artifact id: '586c4ec48245681c6e4cfc0bc95ff27c') in 0.008158 seconds
Number of updated asset objects reloaded before import = 0
Number of asset objects unloaded after import = 3
========================================================================
Received Import Request.
  Time since last request: 0.000014 seconds.
  path: Assets/Art/Textures/InitButtons (1)/shape089_style02_color01.png
  artifactKey: Guid(a89e5244396c3f34b9019911d6c1f4db) Importer(815301076,1909f56bfc062723c751e8b465ee728b)
Start importing Assets/Art/Textures/InitButtons (1)/shape089_style02_color01.png using Guid(a89e5244396c3f34b9019911d6c1f4db) Importer(815301076,1909f56bfc062723c751e8b465ee728b)  -> (artifact id: '87ab428a4d1483ca5c8202f65bbcd7d1') in 0.009880 seconds
Number of updated asset objects reloaded before import = 0
Number of asset objects unloaded after import = 3
========================================================================
Received Import Request.
  Time since last request: 0.000019 seconds.
  path: Assets/Art/Textures/InitButtons/shape062_style01_color07.png
  artifactKey: Guid(d8649ed3e5be12049857aeab0e9eb0b1) Importer(815301076,1909f56bfc062723c751e8b465ee728b)
Start importing Assets/Art/Textures/InitButtons/shape062_style01_color07.png using Guid(d8649ed3e5be12049857aeab0e9eb0b1) Importer(815301076,1909f56bfc062723c751e8b465ee728b)  -> (artifact id: 'aff1513eebab6109fad8eaaeeeb39523') in 0.010626 seconds
Number of updated asset objects reloaded before import = 0
Number of asset objects unloaded after import = 3
========================================================================
Received Import Request.
  Time since last request: 0.000014 seconds.
  path: Assets/Art/Textures/InitButtons (1)/shape003_style02_color05.png
  artifactKey: Guid(9ef2d67dfba56144092f1a6645c94c6b) Importer(815301076,1909f56bfc062723c751e8b465ee728b)
Start importing Assets/Art/Textures/InitButtons (1)/shape003_style02_color05.png using Guid(9ef2d67dfba56144092f1a6645c94c6b) Importer(815301076,1909f56bfc062723c751e8b465ee728b)  -> (artifact id: 'ca8c61fb7abb474e0fcfe937143d2734') in 0.010037 seconds
Number of updated asset objects reloaded before import = 0
Number of asset objects unloaded after import = 3
========================================================================
Received Import Request.
  Time since last request: 0.000015 seconds.
  path: Assets/Art/Textures/InitButtons (1)/shape098_style02_color05.png
  artifactKey: Guid(d730b16dcaeea8f4c80eb32de25fe1fa) Importer(815301076,1909f56bfc062723c751e8b465ee728b)
Start importing Assets/Art/Textures/InitButtons (1)/shape098_style02_color05.png using Guid(d730b16dcaeea8f4c80eb32de25fe1fa) Importer(815301076,1909f56bfc062723c751e8b465ee728b)  -> (artifact id: '674960825a2380a6ad343e1118587e40') in 0.010006 seconds
Number of updated asset objects reloaded before import = 0
Number of asset objects unloaded after import = 3
========================================================================
Received Import Request.
  Time since last request: 0.000015 seconds.
  path: Assets/Art/Textures/InitButtons (1)/shape098_style02_color07.png
  artifactKey: Guid(e0745906d3f492144909d1e76e75ad8d) Importer(815301076,1909f56bfc062723c751e8b465ee728b)
Start importing Assets/Art/Textures/InitButtons (1)/shape098_style02_color07.png using Guid(e0745906d3f492144909d1e76e75ad8d) Importer(815301076,1909f56bfc062723c751e8b465ee728b)  -> (artifact id: '362f120aef3892a7dbb361435325a50f') in 0.008131 seconds
Number of updated asset objects reloaded before import = 0
Number of asset objects unloaded after import = 3
========================================================================
Received Import Request.
  Time since last request: 0.000021 seconds.
  path: Assets/Art/Textures/InitButtons (1)/shape003_style02_color03.png
  artifactKey: Guid(b676b8d264f91b942b08b32f25dc0836) Importer(815301076,1909f56bfc062723c751e8b465ee728b)
Start importing Assets/Art/Textures/InitButtons (1)/shape003_style02_color03.png using Guid(b676b8d264f91b942b08b32f25dc0836) Importer(815301076,1909f56bfc062723c751e8b465ee728b)  -> (artifact id: '413b3e463c12023fd014349d0393fbf3') in 0.009029 seconds
Number of updated asset objects reloaded before import = 0
Number of asset objects unloaded after import = 3
========================================================================
Received Import Request.
  Time since last request: 0.000022 seconds.
  path: Assets/Art/Textures/InitButtons (2)/shape091_style03_color11.png
  artifactKey: Guid(ac00fdfe7cbf3404c868c6607e27b7d3) Importer(815301076,1909f56bfc062723c751e8b465ee728b)
Start importing Assets/Art/Textures/InitButtons (2)/shape091_style03_color11.png using Guid(ac00fdfe7cbf3404c868c6607e27b7d3) Importer(815301076,1909f56bfc062723c751e8b465ee728b)  -> (artifact id: '794d4b9b6fc6955a7184c1599f629458') in 0.008293 seconds
Number of updated asset objects reloaded before import = 0
Number of asset objects unloaded after import = 3
========================================================================
Received Import Request.
  Time since last request: 0.000016 seconds.
  path: Assets/Art/Textures/InitButtons (1)/shape094_style02_color12.png
  artifactKey: Guid(e6fec3d7fe9748d4fbfeb01096154c00) Importer(815301076,1909f56bfc062723c751e8b465ee728b)
Start importing Assets/Art/Textures/InitButtons (1)/shape094_style02_color12.png using Guid(e6fec3d7fe9748d4fbfeb01096154c00) Importer(815301076,1909f56bfc062723c751e8b465ee728b)  -> (artifact id: 'e57deafb0992cd480de07736d7865abf') in 0.008827 seconds
Number of updated asset objects reloaded before import = 0
Number of asset objects unloaded after import = 3
========================================================================
Received Import Request.
  Time since last request: 0.000013 seconds.
  path: Assets/Art/Textures/InitButtons/shape003_style01_color12.png
  artifactKey: Guid(008626a5aa6e20948a78a985f3ce9241) Importer(815301076,1909f56bfc062723c751e8b465ee728b)
Start importing Assets/Art/Textures/InitButtons/shape003_style01_color12.png using Guid(008626a5aa6e20948a78a985f3ce9241) Importer(815301076,1909f56bfc062723c751e8b465ee728b)  -> (artifact id: '5b14eb309cf8eded5d3ae471b09056c3') in 0.007258 seconds
Number of updated asset objects reloaded before import = 0
Number of asset objects unloaded after import = 3
========================================================================
Received Import Request.
  Time since last request: 0.000389 seconds.
  path: Assets/Art/Textures/InitButtons (1)/shape003_style02_color01.png
  artifactKey: Guid(ed2094dff565e3241a473f261b600987) Importer(815301076,1909f56bfc062723c751e8b465ee728b)
Start importing Assets/Art/Textures/InitButtons (1)/shape003_style02_color01.png using Guid(ed2094dff565e3241a473f261b600987) Importer(815301076,1909f56bfc062723c751e8b465ee728b)  -> (artifact id: 'a3c5d4e2e4395e24dd1b5e21c4e0eb20') in 0.007319 seconds
Number of updated asset objects reloaded before import = 0
Number of asset objects unloaded after import = 3
========================================================================
Received Import Request.
  Time since last request: 0.000014 seconds.
  path: Assets/Art/Textures/InitButtons (1)/shape017_style02_color09.png
  artifactKey: Guid(26ee9f17afa93ee4ba95870bced3dd9d) Importer(815301076,1909f56bfc062723c751e8b465ee728b)
Start importing Assets/Art/Textures/InitButtons (1)/shape017_style02_color09.png using Guid(26ee9f17afa93ee4ba95870bced3dd9d) Importer(815301076,1909f56bfc062723c751e8b465ee728b)  -> (artifact id: 'fa6a1ddb34495987acbc261cfe6071bd') in 0.007031 seconds
Number of updated asset objects reloaded before import = 0
Number of asset objects unloaded after import = 3
Editor requested this worker to shutdown with reason: Scaling down because of idle timeout
TcpMessagingSession - receive error: operation aborted. errorcode: 995, details: The I/O operation has been aborted because of either a thread exit or an application request.
AssetImportWorker is now disconnected from the server
Process exiting
Exiting without the bug reporter. Application will terminate with return code 0